{"/home/rdjong/public_html/PokeAPI/app.js":{"path":"/home/rdjong/public_html/PokeAPI/app.js","s":{"1":1,"2":1,"3":1,"4":1,"5":1,"6":1,"7":1,"8":1,"9":1,"10":1,"11":1,"12":1,"13":1,"14":1,"15":1,"16":1,"17":1,"18":1,"19":1,"20":1,"21":1,"22":1,"23":1,"24":1,"25":1,"26":1,"27":1,"28":1,"29":1,"30":1,"31":1,"32":1,"33":1,"34":1,"35":1,"36":1,"37":1,"38":1,"39":1,"40":1,"41":1,"42":1,"43":1,"44":0,"45":1,"46":0,"47":0,"48":0,"49":0,"50":1,"51":1,"52":0,"53":0,"54":1,"55":0,"56":0,"57":1,"58":0,"59":1},"b":{"1":[1,0],"2":[0,0],"3":[0,0]},"f":{"1":0,"2":0,"3":0,"4":0,"5":0},"fnMap":{"1":{"name":"(anonymous_1)","line":70,"loc":{"start":{"line":70,"column":23},"end":{"line":70,"column":43}}},"2":{"name":"(anonymous_2)","line":77,"loc":{"start":{"line":77,"column":8},"end":{"line":77,"column":34}}},"3":{"name":"(anonymous_3)","line":88,"loc":{"start":{"line":88,"column":12},"end":{"line":88,"column":43}}},"4":{"name":"(anonymous_4)","line":99,"loc":{"start":{"line":99,"column":8},"end":{"line":99,"column":39}}},"5":{"name":"(anonymous_5)","line":109,"loc":{"start":{"line":109,"column":24},"end":{"line":109,"column":40}}}},"statementMap":{"1":{"start":{"line":2,"column":0},"end":{"line":2,"column":33}},"2":{"start":{"line":3,"column":0},"end":{"line":3,"column":27}},"3":{"start":{"line":4,"column":0},"end":{"line":4,"column":39}},"4":{"start":{"line":5,"column":0},"end":{"line":5,"column":31}},"5":{"start":{"line":6,"column":0},"end":{"line":6,"column":44}},"6":{"start":{"line":7,"column":0},"end":{"line":7,"column":40}},"7":{"start":{"line":8,"column":0},"end":{"line":8,"column":35}},"8":{"start":{"line":9,"column":0},"end":{"line":9,"column":35}},"9":{"start":{"line":10,"column":0},"end":{"line":10,"column":37}},"10":{"start":{"line":11,"column":0},"end":{"line":11,"column":40}},"11":{"start":{"line":12,"column":0},"end":{"line":12,"column":47}},"12":{"start":{"line":13,"column":0},"end":{"line":13,"column":29}},"13":{"start":{"line":14,"column":0},"end":{"line":14,"column":29}},"14":{"start":{"line":15,"column":0},"end":{"line":15,"column":25}},"15":{"start":{"line":16,"column":0},"end":{"line":16,"column":47}},"16":{"start":{"line":19,"column":0},"end":{"line":19,"column":37}},"17":{"start":{"line":20,"column":0},"end":{"line":20,"column":38}},"18":{"start":{"line":21,"column":0},"end":{"line":21,"column":20}},"19":{"start":{"line":23,"column":0},"end":{"line":23,"column":32}},"20":{"start":{"line":26,"column":0},"end":{"line":26,"column":36}},"21":{"start":{"line":27,"column":0},"end":{"line":27,"column":36}},"22":{"start":{"line":28,"column":0},"end":{"line":28,"column":44}},"23":{"start":{"line":31,"column":0},"end":{"line":31,"column":31}},"24":{"start":{"line":32,"column":0},"end":{"line":32,"column":51}},"25":{"start":{"line":35,"column":0},"end":{"line":35,"column":48}},"26":{"start":{"line":36,"column":0},"end":{"line":36,"column":31}},"27":{"start":{"line":40,"column":0},"end":{"line":40,"column":23}},"28":{"start":{"line":41,"column":0},"end":{"line":41,"column":27}},"29":{"start":{"line":42,"column":0},"end":{"line":44,"column":4}},"30":{"start":{"line":45,"column":0},"end":{"line":45,"column":24}},"31":{"start":{"line":46,"column":0},"end":{"line":46,"column":56}},"32":{"start":{"line":49,"column":0},"end":{"line":53,"column":4}},"33":{"start":{"line":54,"column":0},"end":{"line":54,"column":31}},"34":{"start":{"line":55,"column":0},"end":{"line":55,"column":28}},"35":{"start":{"line":56,"column":0},"end":{"line":56,"column":17}},"36":{"start":{"line":59,"column":0},"end":{"line":59,"column":119}},"37":{"start":{"line":60,"column":0},"end":{"line":60,"column":87}},"38":{"start":{"line":61,"column":0},"end":{"line":61,"column":74}},"39":{"start":{"line":62,"column":0},"end":{"line":62,"column":86}},"40":{"start":{"line":63,"column":0},"end":{"line":63,"column":97}},"41":{"start":{"line":66,"column":0},"end":{"line":66,"column":31}},"42":{"start":{"line":67,"column":0},"end":{"line":67,"column":29}},"43":{"start":{"line":70,"column":0},"end":{"line":74,"column":3}},"44":{"start":{"line":71,"column":4},"end":{"line":73,"column":7}},"45":{"start":{"line":77,"column":0},"end":{"line":82,"column":3}},"46":{"start":{"line":78,"column":4},"end":{"line":78,"column":37}},"47":{"start":{"line":79,"column":4},"end":{"line":79,"column":21}},"48":{"start":{"line":80,"column":4},"end":{"line":80,"column":25}},"49":{"start":{"line":81,"column":4},"end":{"line":81,"column":14}},"50":{"start":{"line":87,"column":0},"end":{"line":95,"column":1}},"51":{"start":{"line":88,"column":4},"end":{"line":94,"column":7}},"52":{"start":{"line":89,"column":8},"end":{"line":89,"column":38}},"53":{"start":{"line":90,"column":8},"end":{"line":93,"column":11}},"54":{"start":{"line":99,"column":0},"end":{"line":105,"column":3}},"55":{"start":{"line":100,"column":4},"end":{"line":100,"column":34}},"56":{"start":{"line":101,"column":4},"end":{"line":104,"column":7}},"57":{"start":{"line":109,"column":0},"end":{"line":111,"column":3}},"58":{"start":{"line":110,"column":2},"end":{"line":110,"column":83}},"59":{"start":{"line":113,"column":0},"end":{"line":113,"column":21}}},"branchMap":{"1":{"line":87,"type":"if","locations":[{"start":{"line":87,"column":0},"end":{"line":87,"column":0}},{"start":{"line":87,"column":0},"end":{"line":87,"column":0}}]},"2":{"line":89,"type":"binary-expr","locations":[{"start":{"line":89,"column":19},"end":{"line":89,"column":29}},{"start":{"line":89,"column":33},"end":{"line":89,"column":36}}]},"3":{"line":100,"type":"binary-expr","locations":[{"start":{"line":100,"column":15},"end":{"line":100,"column":25}},{"start":{"line":100,"column":29},"end":{"line":100,"column":32}}]}}},"/home/rdjong/public_html/PokeAPI/config/database.js":{"path":"/home/rdjong/public_html/PokeAPI/config/database.js","s":{"1":1},"b":{},"f":{},"fnMap":{},"statementMap":{"1":{"start":{"line":1,"column":0},"end":{"line":3,"column":2}}},"branchMap":{}},"/home/rdjong/public_html/PokeAPI/modules/authorize.js":{"path":"/home/rdjong/public_html/PokeAPI/modules/authorize.js","s":{"1":1,"2":1,"3":1,"4":0,"5":0,"6":0,"7":0,"8":0,"9":0,"10":0,"11":0,"12":0,"13":0,"14":0,"15":0,"16":0,"17":2,"18":2,"19":2,"20":0,"21":0,"22":2,"23":2,"24":0,"25":0,"26":0,"27":3,"28":3,"29":3,"30":0,"31":0,"32":3,"33":3,"34":0,"35":0,"36":0,"37":0,"38":0,"39":1},"b":{"1":[0,0],"2":[0,0],"3":[0,0],"4":[0,0],"5":[2,0],"6":[0,2],"7":[2,0],"8":[3,0],"9":[0,3],"10":[3,0],"11":[0,0]},"f":{"1":0,"2":0,"3":0,"4":2,"5":2,"6":3,"7":3},"fnMap":{"1":{"name":"(anonymous_1)","line":6,"loc":{"start":{"line":6,"column":13},"end":{"line":6,"column":37}}},"2":{"name":"(anonymous_2)","line":15,"loc":{"start":{"line":15,"column":21},"end":{"line":15,"column":45}}},"3":{"name":"(anonymous_3)","line":17,"loc":{"start":{"line":17,"column":37},"end":{"line":17,"column":56}}},"4":{"name":"(anonymous_4)","line":32,"loc":{"start":{"line":32,"column":10},"end":{"line":32,"column":34}}},"5":{"name":"(anonymous_5)","line":34,"loc":{"start":{"line":34,"column":37},"end":{"line":34,"column":56}}},"6":{"name":"(anonymous_6)","line":49,"loc":{"start":{"line":49,"column":20},"end":{"line":49,"column":44}}},"7":{"name":"(anonymous_7)","line":51,"loc":{"start":{"line":51,"column":37},"end":{"line":51,"column":56}}}},"statementMap":{"1":{"start":{"line":1,"column":0},"end":{"line":1,"column":25}},"2":{"start":{"line":2,"column":0},"end":{"line":2,"column":37}},"3":{"start":{"line":5,"column":0},"end":{"line":69,"column":1}},"4":{"start":{"line":7,"column":4},"end":{"line":12,"column":5}},"5":{"start":{"line":8,"column":8},"end":{"line":8,"column":22}},"6":{"start":{"line":11,"column":8},"end":{"line":11,"column":38}},"7":{"start":{"line":16,"column":4},"end":{"line":29,"column":5}},"8":{"start":{"line":17,"column":8},"end":{"line":25,"column":11}},"9":{"start":{"line":18,"column":12},"end":{"line":18,"column":44}},"10":{"start":{"line":18,"column":20},"end":{"line":18,"column":34}},"11":{"start":{"line":18,"column":35},"end":{"line":18,"column":42}},"12":{"start":{"line":19,"column":12},"end":{"line":24,"column":13}},"13":{"start":{"line":20,"column":16},"end":{"line":20,"column":29}},"14":{"start":{"line":22,"column":16},"end":{"line":22,"column":85}},"15":{"start":{"line":23,"column":16},"end":{"line":23,"column":23}},"16":{"start":{"line":28,"column":8},"end":{"line":28,"column":71}},"17":{"start":{"line":33,"column":4},"end":{"line":46,"column":5}},"18":{"start":{"line":34,"column":8},"end":{"line":42,"column":11}},"19":{"start":{"line":35,"column":12},"end":{"line":35,"column":44}},"20":{"start":{"line":35,"column":20},"end":{"line":35,"column":34}},"21":{"start":{"line":35,"column":35},"end":{"line":35,"column":42}},"22":{"start":{"line":36,"column":12},"end":{"line":41,"column":13}},"23":{"start":{"line":37,"column":16},"end":{"line":37,"column":29}},"24":{"start":{"line":39,"column":16},"end":{"line":39,"column":85}},"25":{"start":{"line":40,"column":16},"end":{"line":40,"column":23}},"26":{"start":{"line":45,"column":8},"end":{"line":45,"column":38}},"27":{"start":{"line":50,"column":4},"end":{"line":67,"column":5}},"28":{"start":{"line":51,"column":8},"end":{"line":63,"column":11}},"29":{"start":{"line":52,"column":12},"end":{"line":52,"column":44}},"30":{"start":{"line":52,"column":20},"end":{"line":52,"column":34}},"31":{"start":{"line":52,"column":35},"end":{"line":52,"column":42}},"32":{"start":{"line":53,"column":12},"end":{"line":62,"column":13}},"33":{"start":{"line":54,"column":16},"end":{"line":54,"column":29}},"34":{"start":{"line":56,"column":16},"end":{"line":61,"column":17}},"35":{"start":{"line":57,"column":20},"end":{"line":57,"column":33}},"36":{"start":{"line":59,"column":20},"end":{"line":59,"column":89}},"37":{"start":{"line":60,"column":20},"end":{"line":60,"column":27}},"38":{"start":{"line":66,"column":8},"end":{"line":66,"column":38}},"39":{"start":{"line":71,"column":0},"end":{"line":71,"column":27}}},"branchMap":{"1":{"line":7,"type":"if","locations":[{"start":{"line":7,"column":4},"end":{"line":7,"column":4}},{"start":{"line":7,"column":4},"end":{"line":7,"column":4}}]},"2":{"line":16,"type":"if","locations":[{"start":{"line":16,"column":4},"end":{"line":16,"column":4}},{"start":{"line":16,"column":4},"end":{"line":16,"column":4}}]},"3":{"line":18,"type":"if","locations":[{"start":{"line":18,"column":12},"end":{"line":18,"column":12}},{"start":{"line":18,"column":12},"end":{"line":18,"column":12}}]},"4":{"line":19,"type":"if","locations":[{"start":{"line":19,"column":12},"end":{"line":19,"column":12}},{"start":{"line":19,"column":12},"end":{"line":19,"column":12}}]},"5":{"line":33,"type":"if","locations":[{"start":{"line":33,"column":4},"end":{"line":33,"column":4}},{"start":{"line":33,"column":4},"end":{"line":33,"column":4}}]},"6":{"line":35,"type":"if","locations":[{"start":{"line":35,"column":12},"end":{"line":35,"column":12}},{"start":{"line":35,"column":12},"end":{"line":35,"column":12}}]},"7":{"line":36,"type":"if","locations":[{"start":{"line":36,"column":12},"end":{"line":36,"column":12}},{"start":{"line":36,"column":12},"end":{"line":36,"column":12}}]},"8":{"line":50,"type":"if","locations":[{"start":{"line":50,"column":4},"end":{"line":50,"column":4}},{"start":{"line":50,"column":4},"end":{"line":50,"column":4}}]},"9":{"line":52,"type":"if","locations":[{"start":{"line":52,"column":12},"end":{"line":52,"column":12}},{"start":{"line":52,"column":12},"end":{"line":52,"column":12}}]},"10":{"line":53,"type":"if","locations":[{"start":{"line":53,"column":12},"end":{"line":53,"column":12}},{"start":{"line":53,"column":12},"end":{"line":53,"column":12}}]},"11":{"line":56,"type":"if","locations":[{"start":{"line":56,"column":16},"end":{"line":56,"column":16}},{"start":{"line":56,"column":16},"end":{"line":56,"column":16}}]}}},"/home/rdjong/public_html/PokeAPI/models/Role.js":{"path":"/home/rdjong/public_html/PokeAPI/models/Role.js","s":{"1":1,"2":1,"3":1},"b":{},"f":{},"fnMap":{},"statementMap":{"1":{"start":{"line":2,"column":0},"end":{"line":2,"column":35}},"2":{"start":{"line":5,"column":0},"end":{"line":7,"column":3}},"3":{"start":{"line":10,"column":0},"end":{"line":10,"column":52}}},"branchMap":{}},"/home/rdjong/public_html/PokeAPI/models/User.js":{"path":"/home/rdjong/public_html/PokeAPI/models/User.js","s":{"1":1,"2":1,"3":1,"4":1,"5":1,"6":1,"7":1,"8":1,"9":1},"b":{},"f":{"1":1,"2":1},"fnMap":{"1":{"name":"(anonymous_1)","line":42,"loc":{"start":{"line":42,"column":34},"end":{"line":42,"column":53}}},"2":{"name":"(anonymous_2)","line":47,"loc":{"start":{"line":47,"column":35},"end":{"line":47,"column":54}}}},"statementMap":{"1":{"start":{"line":3,"column":0},"end":{"line":3,"column":39}},"2":{"start":{"line":4,"column":0},"end":{"line":4,"column":44}},"3":{"start":{"line":5,"column":0},"end":{"line":5,"column":35}},"4":{"start":{"line":8,"column":0},"end":{"line":38,"column":3}},"5":{"start":{"line":42,"column":0},"end":{"line":44,"column":2}},"6":{"start":{"line":43,"column":4},"end":{"line":43,"column":66}},"7":{"start":{"line":47,"column":0},"end":{"line":49,"column":2}},"8":{"start":{"line":48,"column":4},"end":{"line":48,"column":61}},"9":{"start":{"line":52,"column":0},"end":{"line":52,"column":52}}},"branchMap":{}},"/home/rdjong/public_html/PokeAPI/models/Location.js":{"path":"/home/rdjong/public_html/PokeAPI/models/Location.js","s":{"1":1,"2":1,"3":1},"b":{},"f":{},"fnMap":{},"statementMap":{"1":{"start":{"line":2,"column":0},"end":{"line":2,"column":35}},"2":{"start":{"line":5,"column":0},"end":{"line":11,"column":3}},"3":{"start":{"line":14,"column":0},"end":{"line":14,"column":60}}},"branchMap":{}},"/home/rdjong/public_html/PokeAPI/config/passport.js":{"path":"/home/rdjong/public_html/PokeAPI/config/passport.js","s":{"1":1,"2":1,"3":1,"4":1,"5":1,"6":1,"7":1,"8":1,"9":5,"10":5,"11":1,"12":0,"13":0,"14":0,"15":0,"16":0,"17":0,"18":0,"19":0,"20":0,"21":0,"22":0,"23":0,"24":0,"25":0,"26":0,"27":0,"28":0,"29":1,"30":1,"31":1,"32":0,"33":1,"34":0,"35":1,"36":0,"37":1,"38":1,"39":0,"40":0,"41":0,"42":0,"43":0,"44":0,"45":0,"46":0,"47":0,"48":0,"49":0,"50":0,"51":0,"52":0,"53":0,"54":0,"55":0,"56":0,"57":0,"58":1,"59":0,"60":0,"61":0,"62":0,"63":0,"64":0,"65":0,"66":0,"67":0,"68":0,"69":0,"70":0,"71":0,"72":0,"73":0,"74":0,"75":0,"76":0,"77":0},"b":{"1":[0,0],"2":[0,0],"3":[0,0],"4":[0,0],"5":[0,1],"6":[0,1],"7":[0,1],"8":[0,0],"9":[0,0],"10":[0,0],"11":[0,0],"12":[0,0],"13":[0,0],"14":[0,0],"15":[0,0]},"f":{"1":1,"2":1,"3":5,"4":5,"5":0,"6":0,"7":0,"8":0,"9":0,"10":1,"11":1,"12":0,"13":0,"14":0,"15":0,"16":0,"17":0,"18":0,"19":0,"20":0,"21":0},"fnMap":{"1":{"name":"(anonymous_1)","line":12,"loc":{"start":{"line":12,"column":17},"end":{"line":12,"column":48}}},"2":{"name":"(anonymous_2)","line":15,"loc":{"start":{"line":15,"column":27},"end":{"line":15,"column":48}}},"3":{"name":"(anonymous_3)","line":20,"loc":{"start":{"line":20,"column":29},"end":{"line":20,"column":48}}},"4":{"name":"(anonymous_4)","line":21,"loc":{"start":{"line":21,"column":26},"end":{"line":21,"column":46}}},"5":{"name":"(anonymous_5)","line":31,"loc":{"start":{"line":31,"column":4},"end":{"line":31,"column":41}}},"6":{"name":"(anonymous_6)","line":32,"loc":{"start":{"line":32,"column":25},"end":{"line":32,"column":36}}},"7":{"name":"(anonymous_7)","line":33,"loc":{"start":{"line":33,"column":49},"end":{"line":33,"column":69}}},"8":{"name":"(anonymous_8)","line":41,"loc":{"start":{"line":41,"column":48},"end":{"line":41,"column":67}}},"9":{"name":"(anonymous_9)","line":45,"loc":{"start":{"line":45,"column":33},"end":{"line":45,"column":47}}},"10":{"name":"(anonymous_10)","line":59,"loc":{"start":{"line":59,"column":4},"end":{"line":59,"column":41}}},"11":{"name":"(anonymous_11)","line":60,"loc":{"start":{"line":60,"column":49},"end":{"line":60,"column":69}}},"12":{"name":"(anonymous_12)","line":75,"loc":{"start":{"line":75,"column":4},"end":{"line":75,"column":49}}},"13":{"name":"(anonymous_13)","line":76,"loc":{"start":{"line":76,"column":25},"end":{"line":76,"column":36}}},"14":{"name":"(anonymous_14)","line":77,"loc":{"start":{"line":77,"column":57},"end":{"line":77,"column":77}}},"15":{"name":"(anonymous_15)","line":89,"loc":{"start":{"line":89,"column":52},"end":{"line":89,"column":71}}},"16":{"name":"(anonymous_16)","line":93,"loc":{"start":{"line":93,"column":37},"end":{"line":93,"column":51}}},"17":{"name":"(anonymous_17)","line":108,"loc":{"start":{"line":108,"column":4},"end":{"line":108,"column":49}}},"18":{"name":"(anonymous_18)","line":109,"loc":{"start":{"line":109,"column":25},"end":{"line":109,"column":36}}},"19":{"name":"(anonymous_19)","line":110,"loc":{"start":{"line":110,"column":55},"end":{"line":110,"column":75}}},"20":{"name":"(anonymous_20)","line":121,"loc":{"start":{"line":121,"column":52},"end":{"line":121,"column":71}}},"21":{"name":"(anonymous_21)","line":125,"loc":{"start":{"line":125,"column":37},"end":{"line":125,"column":51}}}},"statementMap":{"1":{"start":{"line":4,"column":0},"end":{"line":4,"column":61}},"2":{"start":{"line":5,"column":0},"end":{"line":5,"column":64}},"3":{"start":{"line":6,"column":0},"end":{"line":6,"column":74}},"4":{"start":{"line":9,"column":0},"end":{"line":9,"column":35}},"5":{"start":{"line":12,"column":0},"end":{"line":136,"column":2}},"6":{"start":{"line":15,"column":4},"end":{"line":17,"column":7}},"7":{"start":{"line":16,"column":8},"end":{"line":16,"column":28}},"8":{"start":{"line":20,"column":4},"end":{"line":24,"column":7}},"9":{"start":{"line":21,"column":8},"end":{"line":23,"column":11}},"10":{"start":{"line":22,"column":12},"end":{"line":22,"column":28}},"11":{"start":{"line":26,"column":4},"end":{"line":52,"column":8}},"12":{"start":{"line":32,"column":8},"end":{"line":51,"column":10}},"13":{"start":{"line":33,"column":8},"end":{"line":50,"column":15}},"14":{"start":{"line":34,"column":12},"end":{"line":34,"column":41}},"15":{"start":{"line":34,"column":22},"end":{"line":34,"column":39}},"16":{"start":{"line":35,"column":12},"end":{"line":50,"column":13}},"17":{"start":{"line":35,"column":24},"end":{"line":35,"column":109}},"18":{"start":{"line":37,"column":16},"end":{"line":37,"column":52}},"19":{"start":{"line":38,"column":16},"end":{"line":38,"column":47}},"20":{"start":{"line":39,"column":16},"end":{"line":39,"column":72}},"21":{"start":{"line":41,"column":16},"end":{"line":49,"column":19}},"22":{"start":{"line":42,"column":20},"end":{"line":43,"column":133}},"23":{"start":{"line":43,"column":24},"end":{"line":43,"column":132}},"24":{"start":{"line":44,"column":20},"end":{"line":44,"column":44}},"25":{"start":{"line":45,"column":20},"end":{"line":48,"column":23}},"26":{"start":{"line":46,"column":24},"end":{"line":46,"column":46}},"27":{"start":{"line":46,"column":34},"end":{"line":46,"column":44}},"28":{"start":{"line":47,"column":24},"end":{"line":47,"column":51}},"29":{"start":{"line":54,"column":4},"end":{"line":66,"column":8}},"30":{"start":{"line":60,"column":8},"end":{"line":65,"column":11}},"31":{"start":{"line":61,"column":12},"end":{"line":61,"column":42}},"32":{"start":{"line":61,"column":23},"end":{"line":61,"column":40}},"33":{"start":{"line":62,"column":12},"end":{"line":62,"column":97}},"34":{"start":{"line":62,"column":25},"end":{"line":62,"column":95}},"35":{"start":{"line":63,"column":12},"end":{"line":63,"column":128}},"36":{"start":{"line":63,"column":49},"end":{"line":63,"column":126}},"37":{"start":{"line":64,"column":12},"end":{"line":64,"column":36}},"38":{"start":{"line":68,"column":4},"end":{"line":101,"column":8}},"39":{"start":{"line":76,"column":8},"end":{"line":100,"column":11}},"40":{"start":{"line":77,"column":12},"end":{"line":99,"column":15}},"41":{"start":{"line":78,"column":16},"end":{"line":78,"column":43}},"42":{"start":{"line":78,"column":25},"end":{"line":78,"column":42}},"43":{"start":{"line":79,"column":16},"end":{"line":98,"column":17}},"44":{"start":{"line":80,"column":20},"end":{"line":80,"column":44}},"45":{"start":{"line":83,"column":20},"end":{"line":83,"column":56}},"46":{"start":{"line":84,"column":20},"end":{"line":84,"column":56}},"47":{"start":{"line":85,"column":20},"end":{"line":85,"column":51}},"48":{"start":{"line":86,"column":20},"end":{"line":86,"column":100}},"49":{"start":{"line":87,"column":20},"end":{"line":87,"column":69}},"50":{"start":{"line":89,"column":20},"end":{"line":97,"column":23}},"51":{"start":{"line":90,"column":24},"end":{"line":91,"column":137}},"52":{"start":{"line":91,"column":28},"end":{"line":91,"column":136}},"53":{"start":{"line":92,"column":24},"end":{"line":92,"column":48}},"54":{"start":{"line":93,"column":24},"end":{"line":96,"column":27}},"55":{"start":{"line":94,"column":28},"end":{"line":94,"column":50}},"56":{"start":{"line":94,"column":38},"end":{"line":94,"column":48}},"57":{"start":{"line":95,"column":28},"end":{"line":95,"column":55}},"58":{"start":{"line":103,"column":4},"end":{"line":134,"column":8}},"59":{"start":{"line":109,"column":8},"end":{"line":132,"column":11}},"60":{"start":{"line":110,"column":12},"end":{"line":131,"column":15}},"61":{"start":{"line":111,"column":16},"end":{"line":111,"column":44}},"62":{"start":{"line":111,"column":26},"end":{"line":111,"column":43}},"63":{"start":{"line":112,"column":16},"end":{"line":130,"column":17}},"64":{"start":{"line":113,"column":20},"end":{"line":113,"column":44}},"65":{"start":{"line":115,"column":20},"end":{"line":115,"column":54}},"66":{"start":{"line":116,"column":20},"end":{"line":116,"column":54}},"67":{"start":{"line":117,"column":20},"end":{"line":117,"column":49}},"68":{"start":{"line":118,"column":20},"end":{"line":118,"column":63}},"69":{"start":{"line":119,"column":20},"end":{"line":119,"column":67}},"70":{"start":{"line":121,"column":20},"end":{"line":129,"column":23}},"71":{"start":{"line":122,"column":24},"end":{"line":123,"column":137}},"72":{"start":{"line":123,"column":28},"end":{"line":123,"column":136}},"73":{"start":{"line":124,"column":24},"end":{"line":124,"column":48}},"74":{"start":{"line":125,"column":24},"end":{"line":128,"column":27}},"75":{"start":{"line":126,"column":28},"end":{"line":126,"column":50}},"76":{"start":{"line":126,"column":38},"end":{"line":126,"column":48}},"77":{"start":{"line":127,"column":28},"end":{"line":127,"column":55}}},"branchMap":{"1":{"line":34,"type":"if","locations":[{"start":{"line":34,"column":12},"end":{"line":34,"column":12}},{"start":{"line":34,"column":12},"end":{"line":34,"column":12}}]},"2":{"line":35,"type":"if","locations":[{"start":{"line":35,"column":12},"end":{"line":35,"column":12}},{"start":{"line":35,"column":12},"end":{"line":35,"column":12}}]},"3":{"line":42,"type":"if","locations":[{"start":{"line":42,"column":20},"end":{"line":42,"column":20}},{"start":{"line":42,"column":20},"end":{"line":42,"column":20}}]},"4":{"line":46,"type":"if","locations":[{"start":{"line":46,"column":24},"end":{"line":46,"column":24}},{"start":{"line":46,"column":24},"end":{"line":46,"column":24}}]},"5":{"line":61,"type":"if","locations":[{"start":{"line":61,"column":12},"end":{"line":61,"column":12}},{"start":{"line":61,"column":12},"end":{"line":61,"column":12}}]},"6":{"line":62,"type":"if","locations":[{"start":{"line":62,"column":12},"end":{"line":62,"column":12}},{"start":{"line":62,"column":12},"end":{"line":62,"column":12}}]},"7":{"line":63,"type":"if","locations":[{"start":{"line":63,"column":12},"end":{"line":63,"column":12}},{"start":{"line":63,"column":12},"end":{"line":63,"column":12}}]},"8":{"line":78,"type":"if","locations":[{"start":{"line":78,"column":16},"end":{"line":78,"column":16}},{"start":{"line":78,"column":16},"end":{"line":78,"column":16}}]},"9":{"line":79,"type":"if","locations":[{"start":{"line":79,"column":16},"end":{"line":79,"column":16}},{"start":{"line":79,"column":16},"end":{"line":79,"column":16}}]},"10":{"line":90,"type":"if","locations":[{"start":{"line":90,"column":24},"end":{"line":90,"column":24}},{"start":{"line":90,"column":24},"end":{"line":90,"column":24}}]},"11":{"line":94,"type":"if","locations":[{"start":{"line":94,"column":28},"end":{"line":94,"column":28}},{"start":{"line":94,"column":28},"end":{"line":94,"column":28}}]},"12":{"line":111,"type":"if","locations":[{"start":{"line":111,"column":16},"end":{"line":111,"column":16}},{"start":{"line":111,"column":16},"end":{"line":111,"column":16}}]},"13":{"line":112,"type":"if","locations":[{"start":{"line":112,"column":16},"end":{"line":112,"column":16}},{"start":{"line":112,"column":16},"end":{"line":112,"column":16}}]},"14":{"line":122,"type":"if","locations":[{"start":{"line":122,"column":24},"end":{"line":122,"column":24}},{"start":{"line":122,"column":24},"end":{"line":122,"column":24}}]},"15":{"line":126,"type":"if","locations":[{"start":{"line":126,"column":28},"end":{"line":126,"column":28}},{"start":{"line":126,"column":28},"end":{"line":126,"column":28}}]}}},"/home/rdjong/public_html/PokeAPI/config/auth.js":{"path":"/home/rdjong/public_html/PokeAPI/config/auth.js","s":{"1":1},"b":{},"f":{},"fnMap":{},"statementMap":{"1":{"start":{"line":1,"column":0},"end":{"line":17,"column":2}}},"branchMap":{}},"/home/rdjong/public_html/PokeAPI/routes/frontend.js":{"path":"/home/rdjong/public_html/PokeAPI/routes/frontend.js","s":{"1":1,"2":1,"3":0,"4":0,"5":1,"6":0,"7":0,"8":0,"9":0,"10":0,"11":0,"12":0,"13":0,"14":0,"15":0,"16":0,"17":0,"18":0,"19":0,"20":0,"21":0,"22":1,"23":0,"24":0,"25":0,"26":0,"27":0,"28":1},"b":{"1":[0,0],"2":[0,0],"3":[0,0]},"f":{"1":1,"2":0,"3":0,"4":0,"5":0,"6":0,"7":0,"8":0,"9":0,"10":0},"fnMap":{"1":{"name":"(anonymous_1)","line":1,"loc":{"start":{"line":1,"column":17},"end":{"line":1,"column":97}}},"2":{"name":"(anonymous_2)","line":3,"loc":{"start":{"line":3,"column":43},"end":{"line":3,"column":63}}},"3":{"name":"(anonymous_3)","line":10,"loc":{"start":{"line":10,"column":43},"end":{"line":10,"column":63}}},"4":{"name":"(anonymous_4)","line":14,"loc":{"start":{"line":14,"column":28},"end":{"line":14,"column":48}}},"5":{"name":"(anonymous_5)","line":16,"loc":{"start":{"line":16,"column":30},"end":{"line":16,"column":51}}},"6":{"name":"(anonymous_6)","line":25,"loc":{"start":{"line":25,"column":16},"end":{"line":25,"column":36}}},"7":{"name":"(anonymous_7)","line":27,"loc":{"start":{"line":27,"column":30},"end":{"line":27,"column":51}}},"8":{"name":"(anonymous_8)","line":35,"loc":{"start":{"line":35,"column":20},"end":{"line":35,"column":41}}},"9":{"name":"(anonymous_9)","line":46,"loc":{"start":{"line":46,"column":13},"end":{"line":46,"column":33}}},"10":{"name":"(anonymous_10)","line":48,"loc":{"start":{"line":48,"column":18},"end":{"line":48,"column":42}}}},"statementMap":{"1":{"start":{"line":1,"column":0},"end":{"line":60,"column":2}},"2":{"start":{"line":2,"column":4},"end":{"line":8,"column":11}},"3":{"start":{"line":4,"column":12},"end":{"line":4,"column":50}},"4":{"start":{"line":5,"column":12},"end":{"line":7,"column":15}},"5":{"start":{"line":9,"column":4},"end":{"line":43,"column":11}},"6":{"start":{"line":11,"column":12},"end":{"line":11,"column":29}},"7":{"start":{"line":12,"column":12},"end":{"line":12,"column":29}},"8":{"start":{"line":14,"column":12},"end":{"line":41,"column":14}},"9":{"start":{"line":15,"column":20},"end":{"line":23,"column":26}},"10":{"start":{"line":17,"column":28},"end":{"line":20,"column":29}},"11":{"start":{"line":18,"column":32},"end":{"line":18,"column":46}},"12":{"start":{"line":19,"column":32},"end":{"line":19,"column":67}},"13":{"start":{"line":21,"column":28},"end":{"line":21,"column":41}},"14":{"start":{"line":22,"column":28},"end":{"line":22,"column":49}},"15":{"start":{"line":26,"column":20},"end":{"line":34,"column":26}},"16":{"start":{"line":28,"column":28},"end":{"line":31,"column":29}},"17":{"start":{"line":29,"column":32},"end":{"line":29,"column":46}},"18":{"start":{"line":30,"column":32},"end":{"line":30,"column":67}},"19":{"start":{"line":32,"column":28},"end":{"line":32,"column":41}},"20":{"start":{"line":33,"column":28},"end":{"line":33,"column":49}},"21":{"start":{"line":36,"column":16},"end":{"line":40,"column":18}},"22":{"start":{"line":45,"column":4},"end":{"line":57,"column":11}},"23":{"start":{"line":47,"column":12},"end":{"line":54,"column":14}},"24":{"start":{"line":49,"column":16},"end":{"line":49,"column":47}},"25":{"start":{"line":49,"column":25},"end":{"line":49,"column":39}},"26":{"start":{"line":49,"column":39},"end":{"line":49,"column":46}},"27":{"start":{"line":50,"column":16},"end":{"line":53,"column":19}},"28":{"start":{"line":59,"column":4},"end":{"line":59,"column":26}}},"branchMap":{"1":{"line":17,"type":"if","locations":[{"start":{"line":17,"column":28},"end":{"line":17,"column":28}},{"start":{"line":17,"column":28},"end":{"line":17,"column":28}}]},"2":{"line":28,"type":"if","locations":[{"start":{"line":28,"column":28},"end":{"line":28,"column":28}},{"start":{"line":28,"column":28},"end":{"line":28,"column":28}}]},"3":{"line":49,"type":"if","locations":[{"start":{"line":49,"column":16},"end":{"line":49,"column":16}},{"start":{"line":49,"column":16},"end":{"line":49,"column":16}}]}}},"/home/rdjong/public_html/PokeAPI/routes/authentication.js":{"path":"/home/rdjong/public_html/PokeAPI/routes/authentication.js","s":{"1":1,"2":1,"3":0,"4":1,"5":1,"6":1,"7":1,"8":1,"9":1,"10":0,"11":0,"12":1},"b":{},"f":{"1":1,"2":0,"3":0},"fnMap":{"1":{"name":"(anonymous_1)","line":1,"loc":{"start":{"line":1,"column":17},"end":{"line":1,"column":51}}},"2":{"name":"(anonymous_2)","line":3,"loc":{"start":{"line":3,"column":9},"end":{"line":3,"column":27}}},"3":{"name":"(anonymous_3)","line":47,"loc":{"start":{"line":47,"column":10},"end":{"line":47,"column":27}}}},"statementMap":{"1":{"start":{"line":1,"column":0},"end":{"line":53,"column":2}},"2":{"start":{"line":2,"column":4},"end":{"line":12,"column":8}},"3":{"start":{"line":4,"column":8},"end":{"line":4,"column":71}},"4":{"start":{"line":14,"column":4},"end":{"line":19,"column":8}},"5":{"start":{"line":21,"column":4},"end":{"line":24,"column":8}},"6":{"start":{"line":26,"column":4},"end":{"line":32,"column":8}},"7":{"start":{"line":34,"column":4},"end":{"line":37,"column":8}},"8":{"start":{"line":39,"column":4},"end":{"line":43,"column":8}},"9":{"start":{"line":46,"column":4},"end":{"line":50,"column":6}},"10":{"start":{"line":48,"column":8},"end":{"line":48,"column":21}},"11":{"start":{"line":49,"column":8},"end":{"line":49,"column":26}},"12":{"start":{"line":52,"column":4},"end":{"line":52,"column":26}}},"branchMap":{}},"/home/rdjong/public_html/PokeAPI/routes/role.js":{"path":"/home/rdjong/public_html/PokeAPI/routes/role.js","s":{"1":1,"2":1,"3":0,"4":0,"5":0,"6":0,"7":0,"8":0,"9":0,"10":0,"11":0,"12":0,"13":0,"14":0,"15":0,"16":0,"17":0,"18":1,"19":0,"20":0,"21":0,"22":0,"23":0,"24":0,"25":0,"26":0,"27":0,"28":0,"29":0,"30":0,"31":0,"32":0,"33":0,"34":0,"35":0,"36":1},"b":{"1":[0,0],"2":[0,0],"3":[0,0],"4":[0,0],"5":[0,0],"6":[0,0],"7":[0,0]},"f":{"1":1,"2":0,"3":0,"4":0,"5":0,"6":0,"7":0,"8":0,"9":0,"10":0},"fnMap":{"1":{"name":"(anonymous_1)","line":1,"loc":{"start":{"line":1,"column":17},"end":{"line":1,"column":57}}},"2":{"name":"(anonymous_2)","line":3,"loc":{"start":{"line":3,"column":28},"end":{"line":3,"column":46}}},"3":{"name":"(anonymous_3)","line":4,"loc":{"start":{"line":4,"column":18},"end":{"line":4,"column":37}}},"4":{"name":"(anonymous_4)","line":12,"loc":{"start":{"line":12,"column":29},"end":{"line":12,"column":47}}},"5":{"name":"(anonymous_5)","line":19,"loc":{"start":{"line":19,"column":18},"end":{"line":19,"column":31}}},"6":{"name":"(anonymous_6)","line":29,"loc":{"start":{"line":29,"column":28},"end":{"line":29,"column":46}}},"7":{"name":"(anonymous_7)","line":30,"loc":{"start":{"line":30,"column":42},"end":{"line":30,"column":61}}},"8":{"name":"(anonymous_8)","line":40,"loc":{"start":{"line":40,"column":22},"end":{"line":40,"column":35}}},"9":{"name":"(anonymous_9)","line":49,"loc":{"start":{"line":49,"column":31},"end":{"line":49,"column":49}}},"10":{"name":"(anonymous_10)","line":50,"loc":{"start":{"line":50,"column":46},"end":{"line":50,"column":65}}}},"statementMap":{"1":{"start":{"line":1,"column":0},"end":{"line":59,"column":1}},"2":{"start":{"line":2,"column":4},"end":{"line":26,"column":7}},"3":{"start":{"line":4,"column":8},"end":{"line":10,"column":10}},"4":{"start":{"line":5,"column":12},"end":{"line":8,"column":13}},"5":{"start":{"line":6,"column":16},"end":{"line":6,"column":30}},"6":{"start":{"line":7,"column":16},"end":{"line":7,"column":23}},"7":{"start":{"line":9,"column":12},"end":{"line":9,"column":27}},"8":{"start":{"line":13,"column":8},"end":{"line":13,"column":28}},"9":{"start":{"line":14,"column":8},"end":{"line":17,"column":9}},"10":{"start":{"line":15,"column":12},"end":{"line":15,"column":38}},"11":{"start":{"line":16,"column":12},"end":{"line":16,"column":19}},"12":{"start":{"line":18,"column":8},"end":{"line":18,"column":34}},"13":{"start":{"line":19,"column":8},"end":{"line":25,"column":10}},"14":{"start":{"line":20,"column":12},"end":{"line":23,"column":13}},"15":{"start":{"line":21,"column":16},"end":{"line":21,"column":30}},"16":{"start":{"line":22,"column":16},"end":{"line":22,"column":23}},"17":{"start":{"line":24,"column":12},"end":{"line":24,"column":27}},"18":{"start":{"line":28,"column":4},"end":{"line":56,"column":7}},"19":{"start":{"line":30,"column":8},"end":{"line":47,"column":9}},"20":{"start":{"line":31,"column":12},"end":{"line":34,"column":13}},"21":{"start":{"line":32,"column":16},"end":{"line":32,"column":30}},"22":{"start":{"line":33,"column":16},"end":{"line":33,"column":23}},"23":{"start":{"line":35,"column":12},"end":{"line":38,"column":13}},"24":{"start":{"line":36,"column":16},"end":{"line":36,"column":50}},"25":{"start":{"line":37,"column":16},"end":{"line":37,"column":23}},"26":{"start":{"line":39,"column":12},"end":{"line":39,"column":38}},"27":{"start":{"line":40,"column":12},"end":{"line":46,"column":14}},"28":{"start":{"line":41,"column":16},"end":{"line":44,"column":17}},"29":{"start":{"line":42,"column":20},"end":{"line":42,"column":34}},"30":{"start":{"line":43,"column":20},"end":{"line":43,"column":27}},"31":{"start":{"line":45,"column":16},"end":{"line":45,"column":31}},"32":{"start":{"line":50,"column":8},"end":{"line":55,"column":11}},"33":{"start":{"line":51,"column":12},"end":{"line":53,"column":13}},"34":{"start":{"line":52,"column":16},"end":{"line":52,"column":30}},"35":{"start":{"line":54,"column":12},"end":{"line":54,"column":27}},"36":{"start":{"line":58,"column":4},"end":{"line":58,"column":25}}},"branchMap":{"1":{"line":5,"type":"if","locations":[{"start":{"line":5,"column":12},"end":{"line":5,"column":12}},{"start":{"line":5,"column":12},"end":{"line":5,"column":12}}]},"2":{"line":14,"type":"if","locations":[{"start":{"line":14,"column":8},"end":{"line":14,"column":8}},{"start":{"line":14,"column":8},"end":{"line":14,"column":8}}]},"3":{"line":20,"type":"if","locations":[{"start":{"line":20,"column":12},"end":{"line":20,"column":12}},{"start":{"line":20,"column":12},"end":{"line":20,"column":12}}]},"4":{"line":31,"type":"if","locations":[{"start":{"line":31,"column":12},"end":{"line":31,"column":12}},{"start":{"line":31,"column":12},"end":{"line":31,"column":12}}]},"5":{"line":35,"type":"if","locations":[{"start":{"line":35,"column":12},"end":{"line":35,"column":12}},{"start":{"line":35,"column":12},"end":{"line":35,"column":12}}]},"6":{"line":41,"type":"if","locations":[{"start":{"line":41,"column":16},"end":{"line":41,"column":16}},{"start":{"line":41,"column":16},"end":{"line":41,"column":16}}]},"7":{"line":51,"type":"if","locations":[{"start":{"line":51,"column":12},"end":{"line":51,"column":12}},{"start":{"line":51,"column":12},"end":{"line":51,"column":12}}]}}},"/home/rdjong/public_html/PokeAPI/routes/location.js":{"path":"/home/rdjong/public_html/PokeAPI/routes/location.js","s":{"1":1,"2":1,"3":0,"4":0,"5":0,"6":0,"7":0,"8":0,"9":0,"10":0,"11":0,"12":0,"13":0,"14":0,"15":0,"16":0,"17":0,"18":0,"19":0,"20":0,"21":0,"22":0,"23":0,"24":0,"25":0,"26":0,"27":0,"28":0,"29":0,"30":0,"31":0,"32":0,"33":0,"34":1,"35":0,"36":0,"37":0,"38":0,"39":0,"40":0,"41":0,"42":0,"43":0,"44":0,"45":0,"46":0,"47":0,"48":0,"49":0,"50":0,"51":0,"52":0,"53":0,"54":0,"55":0,"56":0,"57":0,"58":0,"59":0,"60":0,"61":0,"62":0,"63":0,"64":1},"b":{"1":[0,0],"2":[0,0],"3":[0,0],"4":[0,0],"5":[0,0],"6":[0,0],"7":[0,0],"8":[0,0],"9":[0,0],"10":[0,0],"11":[0,0],"12":[0,0],"13":[0,0],"14":[0,0],"15":[0,0],"16":[0,0]},"f":{"1":1,"2":0,"3":0,"4":0,"5":0,"6":0,"7":0,"8":0,"9":0,"10":0,"11":0,"12":0},"fnMap":{"1":{"name":"(anonymous_1)","line":1,"loc":{"start":{"line":1,"column":17},"end":{"line":1,"column":61}}},"2":{"name":"(anonymous_2)","line":3,"loc":{"start":{"line":3,"column":28},"end":{"line":3,"column":45}}},"3":{"name":"(anonymous_3)","line":4,"loc":{"start":{"line":4,"column":22},"end":{"line":4,"column":46}}},"4":{"name":"(anonymous_4)","line":9,"loc":{"start":{"line":9,"column":29},"end":{"line":9,"column":47}}},"5":{"name":"(anonymous_5)","line":21,"loc":{"start":{"line":21,"column":22},"end":{"line":21,"column":35}}},"6":{"name":"(anonymous_6)","line":28,"loc":{"start":{"line":28,"column":28},"end":{"line":28,"column":46}}},"7":{"name":"(anonymous_7)","line":29,"loc":{"start":{"line":29,"column":49},"end":{"line":29,"column":72}}},"8":{"name":"(anonymous_8)","line":35,"loc":{"start":{"line":35,"column":28},"end":{"line":35,"column":46}}},"9":{"name":"(anonymous_9)","line":36,"loc":{"start":{"line":36,"column":49},"end":{"line":36,"column":72}}},"10":{"name":"(anonymous_10)","line":43,"loc":{"start":{"line":43,"column":26},"end":{"line":43,"column":39}}},"11":{"name":"(anonymous_11)","line":50,"loc":{"start":{"line":50,"column":31},"end":{"line":50,"column":49}}},"12":{"name":"(anonymous_12)","line":51,"loc":{"start":{"line":51,"column":54},"end":{"line":51,"column":77}}}},"statementMap":{"1":{"start":{"line":1,"column":0},"end":{"line":58,"column":2}},"2":{"start":{"line":2,"column":4},"end":{"line":25,"column":7}},"3":{"start":{"line":4,"column":8},"end":{"line":7,"column":10}},"4":{"start":{"line":5,"column":12},"end":{"line":5,"column":43}},"5":{"start":{"line":5,"column":21},"end":{"line":5,"column":35}},"6":{"start":{"line":5,"column":35},"end":{"line":5,"column":42}},"7":{"start":{"line":6,"column":12},"end":{"line":6,"column":32}},"8":{"start":{"line":10,"column":8},"end":{"line":10,"column":36}},"9":{"start":{"line":11,"column":8},"end":{"line":11,"column":71}},"10":{"start":{"line":11,"column":32},"end":{"line":11,"column":63}},"11":{"start":{"line":11,"column":63},"end":{"line":11,"column":70}},"12":{"start":{"line":12,"column":8},"end":{"line":12,"column":67}},"13":{"start":{"line":12,"column":30},"end":{"line":12,"column":59}},"14":{"start":{"line":12,"column":59},"end":{"line":12,"column":66}},"15":{"start":{"line":13,"column":8},"end":{"line":13,"column":69}},"16":{"start":{"line":13,"column":31},"end":{"line":13,"column":61}},"17":{"start":{"line":13,"column":61},"end":{"line":13,"column":68}},"18":{"start":{"line":14,"column":8},"end":{"line":14,"column":65}},"19":{"start":{"line":14,"column":29},"end":{"line":14,"column":57}},"20":{"start":{"line":14,"column":57},"end":{"line":14,"column":64}},"21":{"start":{"line":15,"column":8},"end":{"line":15,"column":65}},"22":{"start":{"line":15,"column":29},"end":{"line":15,"column":57}},"23":{"start":{"line":15,"column":57},"end":{"line":15,"column":64}},"24":{"start":{"line":16,"column":8},"end":{"line":16,"column":48}},"25":{"start":{"line":17,"column":8},"end":{"line":17,"column":44}},"26":{"start":{"line":18,"column":8},"end":{"line":18,"column":46}},"27":{"start":{"line":19,"column":8},"end":{"line":19,"column":42}},"28":{"start":{"line":20,"column":8},"end":{"line":20,"column":42}},"29":{"start":{"line":21,"column":8},"end":{"line":24,"column":10}},"30":{"start":{"line":22,"column":12},"end":{"line":22,"column":46}},"31":{"start":{"line":22,"column":22},"end":{"line":22,"column":36}},"32":{"start":{"line":22,"column":37},"end":{"line":22,"column":44}},"33":{"start":{"line":23,"column":12},"end":{"line":23,"column":31}},"34":{"start":{"line":27,"column":4},"end":{"line":55,"column":6}},"35":{"start":{"line":29,"column":8},"end":{"line":32,"column":10}},"36":{"start":{"line":30,"column":12},"end":{"line":30,"column":42}},"37":{"start":{"line":30,"column":20},"end":{"line":30,"column":34}},"38":{"start":{"line":30,"column":34},"end":{"line":30,"column":41}},"39":{"start":{"line":31,"column":12},"end":{"line":31,"column":30}},"40":{"start":{"line":36,"column":8},"end":{"line":48,"column":5}},"41":{"start":{"line":37,"column":12},"end":{"line":37,"column":43}},"42":{"start":{"line":37,"column":21},"end":{"line":37,"column":35}},"43":{"start":{"line":37,"column":35},"end":{"line":37,"column":42}},"44":{"start":{"line":38,"column":12},"end":{"line":38,"column":75}},"45":{"start":{"line":38,"column":35},"end":{"line":38,"column":74}},"46":{"start":{"line":39,"column":12},"end":{"line":39,"column":69}},"47":{"start":{"line":39,"column":33},"end":{"line":39,"column":68}},"48":{"start":{"line":40,"column":12},"end":{"line":40,"column":72}},"49":{"start":{"line":40,"column":34},"end":{"line":40,"column":71}},"50":{"start":{"line":41,"column":12},"end":{"line":41,"column":66}},"51":{"start":{"line":41,"column":32},"end":{"line":41,"column":65}},"52":{"start":{"line":42,"column":12},"end":{"line":42,"column":66}},"53":{"start":{"line":42,"column":32},"end":{"line":42,"column":65}},"54":{"start":{"line":43,"column":12},"end":{"line":46,"column":14}},"55":{"start":{"line":44,"column":16},"end":{"line":44,"column":46}},"56":{"start":{"line":44,"column":24},"end":{"line":44,"column":38}},"57":{"start":{"line":44,"column":38},"end":{"line":44,"column":45}},"58":{"start":{"line":45,"column":16},"end":{"line":45,"column":35}},"59":{"start":{"line":51,"column":8},"end":{"line":54,"column":10}},"60":{"start":{"line":52,"column":12},"end":{"line":52,"column":43}},"61":{"start":{"line":52,"column":20},"end":{"line":52,"column":34}},"62":{"start":{"line":52,"column":35},"end":{"line":52,"column":42}},"63":{"start":{"line":53,"column":12},"end":{"line":53,"column":31}},"64":{"start":{"line":57,"column":4},"end":{"line":57,"column":25}}},"branchMap":{"1":{"line":5,"type":"if","locations":[{"start":{"line":5,"column":12},"end":{"line":5,"column":12}},{"start":{"line":5,"column":12},"end":{"line":5,"column":12}}]},"2":{"line":11,"type":"if","locations":[{"start":{"line":11,"column":8},"end":{"line":11,"column":8}},{"start":{"line":11,"column":8},"end":{"line":11,"column":8}}]},"3":{"line":12,"type":"if","locations":[{"start":{"line":12,"column":8},"end":{"line":12,"column":8}},{"start":{"line":12,"column":8},"end":{"line":12,"column":8}}]},"4":{"line":13,"type":"if","locations":[{"start":{"line":13,"column":8},"end":{"line":13,"column":8}},{"start":{"line":13,"column":8},"end":{"line":13,"column":8}}]},"5":{"line":14,"type":"if","locations":[{"start":{"line":14,"column":8},"end":{"line":14,"column":8}},{"start":{"line":14,"column":8},"end":{"line":14,"column":8}}]},"6":{"line":15,"type":"if","locations":[{"start":{"line":15,"column":8},"end":{"line":15,"column":8}},{"start":{"line":15,"column":8},"end":{"line":15,"column":8}}]},"7":{"line":22,"type":"if","locations":[{"start":{"line":22,"column":12},"end":{"line":22,"column":12}},{"start":{"line":22,"column":12},"end":{"line":22,"column":12}}]},"8":{"line":30,"type":"if","locations":[{"start":{"line":30,"column":12},"end":{"line":30,"column":12}},{"start":{"line":30,"column":12},"end":{"line":30,"column":12}}]},"9":{"line":37,"type":"if","locations":[{"start":{"line":37,"column":12},"end":{"line":37,"column":12}},{"start":{"line":37,"column":12},"end":{"line":37,"column":12}}]},"10":{"line":38,"type":"if","locations":[{"start":{"line":38,"column":12},"end":{"line":38,"column":12}},{"start":{"line":38,"column":12},"end":{"line":38,"column":12}}]},"11":{"line":39,"type":"if","locations":[{"start":{"line":39,"column":12},"end":{"line":39,"column":12}},{"start":{"line":39,"column":12},"end":{"line":39,"column":12}}]},"12":{"line":40,"type":"if","locations":[{"start":{"line":40,"column":12},"end":{"line":40,"column":12}},{"start":{"line":40,"column":12},"end":{"line":40,"column":12}}]},"13":{"line":41,"type":"if","locations":[{"start":{"line":41,"column":12},"end":{"line":41,"column":12}},{"start":{"line":41,"column":12},"end":{"line":41,"column":12}}]},"14":{"line":42,"type":"if","locations":[{"start":{"line":42,"column":12},"end":{"line":42,"column":12}},{"start":{"line":42,"column":12},"end":{"line":42,"column":12}}]},"15":{"line":44,"type":"if","locations":[{"start":{"line":44,"column":16},"end":{"line":44,"column":16}},{"start":{"line":44,"column":16},"end":{"line":44,"column":16}}]},"16":{"line":52,"type":"if","locations":[{"start":{"line":52,"column":12},"end":{"line":52,"column":12}},{"start":{"line":52,"column":12},"end":{"line":52,"column":12}}]}}},"/home/rdjong/public_html/PokeAPI/routes/user.js":{"path":"/home/rdjong/public_html/PokeAPI/routes/user.js","s":{"1":1,"2":1,"3":1,"4":1,"5":1,"6":0,"7":1,"8":1,"9":1,"10":1,"11":0,"12":0,"13":1,"14":1,"15":1,"16":0,"17":0,"18":1,"19":0,"20":0,"21":1,"22":0,"23":0,"24":1,"25":1,"26":0,"27":0,"28":1,"29":1,"30":1,"31":1,"32":1,"33":1,"34":0,"35":0,"36":1,"37":1,"38":1,"39":1,"40":0,"41":0,"42":1,"43":1,"44":1,"45":1,"46":0,"47":0,"48":1,"49":1,"50":1,"51":0,"52":1,"53":1,"54":0,"55":0,"56":0,"57":0,"58":0,"59":0,"60":1,"61":1,"62":1,"63":0,"64":0,"65":1,"66":1,"67":1,"68":0,"69":0,"70":1,"71":1,"72":0,"73":1,"74":0,"75":0,"76":0,"77":0,"78":0,"79":0,"80":0,"81":0,"82":0,"83":0,"84":0,"85":0,"86":0,"87":0,"88":0,"89":0,"90":0,"91":0,"92":0,"93":0,"94":0,"95":0,"96":0,"97":0,"98":0,"99":0,"100":0,"101":0,"102":0,"103":0,"104":0,"105":0,"106":0,"107":0,"108":0,"109":0,"110":0,"111":0,"112":0,"113":0,"114":0,"115":0,"116":0,"117":0,"118":0,"119":0,"120":1,"121":0,"122":0,"123":0,"124":0,"125":0,"126":0,"127":0,"128":0,"129":0,"130":0,"131":1,"132":0,"133":0,"134":0,"135":0,"136":0,"137":0,"138":0,"139":0,"140":0,"141":0,"142":0,"143":0,"144":0,"145":0,"146":0,"147":0,"148":0,"149":0,"150":0,"151":0,"152":0,"153":0,"154":0,"155":1},"b":{"1":[0,1],"2":[0,1],"3":[0,1],"4":[0,1],"5":[0,1],"6":[0,1],"7":[0,1],"8":[0,1],"9":[0,1],"10":[1,0],"11":[0,1],"12":[0,1],"13":[0,0],"14":[0,1],"15":[0,1],"16":[0,0],"17":[0,0],"18":[0,0],"19":[0,0],"20":[0,0],"21":[0,0],"22":[0,0],"23":[0,0],"24":[0,0],"25":[0,0],"26":[0,0]},"f":{"1":1,"2":1,"3":1,"4":1,"5":1,"6":1,"7":1,"8":1,"9":1,"10":1,"11":1,"12":0,"13":1,"14":1,"15":1,"16":1,"17":0,"18":0,"19":0,"20":0,"21":0,"22":0,"23":0,"24":0,"25":0,"26":0,"27":0,"28":0,"29":0,"30":0,"31":0,"32":0,"33":0,"34":0,"35":0,"36":0,"37":0,"38":0,"39":0},"fnMap":{"1":{"name":"(anonymous_1)","line":3,"loc":{"start":{"line":3,"column":17},"end":{"line":3,"column":82}}},"2":{"name":"(anonymous_2)","line":5,"loc":{"start":{"line":5,"column":32},"end":{"line":5,"column":52}}},"3":{"name":"(anonymous_3)","line":16,"loc":{"start":{"line":16,"column":18},"end":{"line":16,"column":39}}},"4":{"name":"(anonymous_4)","line":24,"loc":{"start":{"line":24,"column":33},"end":{"line":24,"column":53}}},"5":{"name":"(anonymous_5)","line":31,"loc":{"start":{"line":31,"column":15},"end":{"line":31,"column":36}}},"6":{"name":"(anonymous_6)","line":39,"loc":{"start":{"line":39,"column":26},"end":{"line":39,"column":41}}},"7":{"name":"(anonymous_7)","line":47,"loc":{"start":{"line":47,"column":42},"end":{"line":47,"column":62}}},"8":{"name":"(anonymous_8)","line":50,"loc":{"start":{"line":50,"column":22},"end":{"line":50,"column":43}}},"9":{"name":"(anonymous_9)","line":55,"loc":{"start":{"line":55,"column":42},"end":{"line":55,"column":62}}},"10":{"name":"(anonymous_10)","line":57,"loc":{"start":{"line":57,"column":41},"end":{"line":57,"column":62}}},"11":{"name":"(anonymous_11)","line":67,"loc":{"start":{"line":67,"column":20},"end":{"line":67,"column":38}}},"12":{"name":"(anonymous_12)","line":69,"loc":{"start":{"line":69,"column":64},"end":{"line":69,"column":85}}},"13":{"name":"(anonymous_13)","line":79,"loc":{"start":{"line":79,"column":16},"end":{"line":79,"column":29}}},"14":{"name":"(anonymous_14)","line":80,"loc":{"start":{"line":80,"column":30},"end":{"line":80,"column":43}}},"15":{"name":"(anonymous_15)","line":87,"loc":{"start":{"line":87,"column":41},"end":{"line":87,"column":61}}},"16":{"name":"(anonymous_16)","line":90,"loc":{"start":{"line":90,"column":15},"end":{"line":90,"column":36}}},"17":{"name":"(anonymous_17)","line":100,"loc":{"start":{"line":100,"column":38},"end":{"line":100,"column":56}}},"18":{"name":"(anonymous_18)","line":105,"loc":{"start":{"line":105,"column":42},"end":{"line":105,"column":62}}},"19":{"name":"(anonymous_19)","line":115,"loc":{"start":{"line":115,"column":17},"end":{"line":115,"column":35}}},"20":{"name":"(anonymous_20)","line":118,"loc":{"start":{"line":118,"column":26},"end":{"line":118,"column":47}}},"21":{"name":"(anonymous_21)","line":125,"loc":{"start":{"line":125,"column":17},"end":{"line":125,"column":35}}},"22":{"name":"(anonymous_22)","line":130,"loc":{"start":{"line":130,"column":42},"end":{"line":130,"column":66}}},"23":{"name":"(anonymous_23)","line":131,"loc":{"start":{"line":131,"column":31},"end":{"line":131,"column":51}}},"24":{"name":"(anonymous_24)","line":135,"loc":{"start":{"line":135,"column":44},"end":{"line":135,"column":61}}},"25":{"name":"(anonymous_25)","line":139,"loc":{"start":{"line":139,"column":45},"end":{"line":139,"column":58}}},"26":{"name":"(anonymous_26)","line":144,"loc":{"start":{"line":144,"column":43},"end":{"line":144,"column":55}}},"27":{"name":"(anonymous_27)","line":154,"loc":{"start":{"line":154,"column":19},"end":{"line":154,"column":31}}},"28":{"name":"(anonymous_28)","line":155,"loc":{"start":{"line":155,"column":31},"end":{"line":155,"column":41}}},"29":{"name":"(anonymous_29)","line":160,"loc":{"start":{"line":160,"column":10},"end":{"line":160,"column":33}}},"30":{"name":"(anonymous_30)","line":166,"loc":{"start":{"line":166,"column":39},"end":{"line":166,"column":57}}},"31":{"name":"(anonymous_31)","line":167,"loc":{"start":{"line":167,"column":37},"end":{"line":167,"column":56}}},"32":{"name":"(anonymous_32)","line":173,"loc":{"start":{"line":173,"column":22},"end":{"line":173,"column":35}}},"33":{"name":"(anonymous_33)","line":181,"loc":{"start":{"line":181,"column":45},"end":{"line":181,"column":65}}},"34":{"name":"(anonymous_34)","line":182,"loc":{"start":{"line":182,"column":37},"end":{"line":182,"column":58}}},"35":{"name":"(anonymous_35)","line":190,"loc":{"start":{"line":190,"column":22},"end":{"line":190,"column":37}}},"36":{"name":"(anonymous_36)","line":201,"loc":{"start":{"line":201,"column":39},"end":{"line":201,"column":57}}},"37":{"name":"(anonymous_37)","line":210,"loc":{"start":{"line":210,"column":14},"end":{"line":210,"column":33}}},"38":{"name":"(anonymous_38)","line":215,"loc":{"start":{"line":215,"column":41},"end":{"line":215,"column":60}}},"39":{"name":"(anonymous_39)","line":219,"loc":{"start":{"line":219,"column":26},"end":{"line":219,"column":39}}}},"statementMap":{"1":{"start":{"line":1,"column":0},"end":{"line":1,"column":27}},"2":{"start":{"line":3,"column":0},"end":{"line":228,"column":2}},"3":{"start":{"line":4,"column":4},"end":{"line":44,"column":11}},"4":{"start":{"line":6,"column":8},"end":{"line":6,"column":21}},"5":{"start":{"line":7,"column":8},"end":{"line":9,"column":9}},"6":{"start":{"line":8,"column":12},"end":{"line":8,"column":34}},"7":{"start":{"line":10,"column":8},"end":{"line":10,"column":27}},"8":{"start":{"line":11,"column":8},"end":{"line":11,"column":23}},"9":{"start":{"line":13,"column":8},"end":{"line":22,"column":10}},"10":{"start":{"line":17,"column":12},"end":{"line":20,"column":13}},"11":{"start":{"line":18,"column":16},"end":{"line":18,"column":30}},"12":{"start":{"line":19,"column":16},"end":{"line":19,"column":23}},"13":{"start":{"line":21,"column":12},"end":{"line":21,"column":33}},"14":{"start":{"line":25,"column":12},"end":{"line":25,"column":34}},"15":{"start":{"line":26,"column":12},"end":{"line":26,"column":72}},"16":{"start":{"line":26,"column":36},"end":{"line":26,"column":63}},"17":{"start":{"line":26,"column":64},"end":{"line":26,"column":71}},"18":{"start":{"line":27,"column":12},"end":{"line":27,"column":74}},"19":{"start":{"line":27,"column":36},"end":{"line":27,"column":66}},"20":{"start":{"line":27,"column":66},"end":{"line":27,"column":73}},"21":{"start":{"line":28,"column":12},"end":{"line":28,"column":70}},"22":{"start":{"line":28,"column":36},"end":{"line":28,"column":62}},"23":{"start":{"line":28,"column":62},"end":{"line":28,"column":69}},"24":{"start":{"line":29,"column":12},"end":{"line":43,"column":15}},"25":{"start":{"line":32,"column":16},"end":{"line":32,"column":68}},"26":{"start":{"line":32,"column":28},"end":{"line":32,"column":60}},"27":{"start":{"line":32,"column":60},"end":{"line":32,"column":67}},"28":{"start":{"line":34,"column":16},"end":{"line":34,"column":38}},"29":{"start":{"line":35,"column":16},"end":{"line":35,"column":50}},"30":{"start":{"line":36,"column":16},"end":{"line":36,"column":75}},"31":{"start":{"line":37,"column":16},"end":{"line":37,"column":37}},"32":{"start":{"line":39,"column":16},"end":{"line":42,"column":19}},"33":{"start":{"line":40,"column":20},"end":{"line":40,"column":52}},"34":{"start":{"line":40,"column":30},"end":{"line":40,"column":44}},"35":{"start":{"line":40,"column":44},"end":{"line":40,"column":51}},"36":{"start":{"line":41,"column":20},"end":{"line":41,"column":46}},"37":{"start":{"line":46,"column":4},"end":{"line":97,"column":11}},"38":{"start":{"line":48,"column":12},"end":{"line":53,"column":19}},"39":{"start":{"line":51,"column":20},"end":{"line":51,"column":52}},"40":{"start":{"line":51,"column":30},"end":{"line":51,"column":44}},"41":{"start":{"line":51,"column":44},"end":{"line":51,"column":51}},"42":{"start":{"line":52,"column":20},"end":{"line":52,"column":41}},"43":{"start":{"line":56,"column":12},"end":{"line":56,"column":26}},"44":{"start":{"line":57,"column":12},"end":{"line":85,"column":14}},"45":{"start":{"line":58,"column":16},"end":{"line":58,"column":50}},"46":{"start":{"line":58,"column":27},"end":{"line":58,"column":41}},"47":{"start":{"line":58,"column":42},"end":{"line":58,"column":49}},"48":{"start":{"line":59,"column":16},"end":{"line":61,"column":17}},"49":{"start":{"line":60,"column":20},"end":{"line":60,"column":54}},"50":{"start":{"line":62,"column":16},"end":{"line":64,"column":17}},"51":{"start":{"line":63,"column":20},"end":{"line":63,"column":79}},"52":{"start":{"line":66,"column":16},"end":{"line":84,"column":18}},"53":{"start":{"line":68,"column":24},"end":{"line":76,"column":25}},"54":{"start":{"line":69,"column":28},"end":{"line":73,"column":30}},"55":{"start":{"line":70,"column":32},"end":{"line":70,"column":84}},"56":{"start":{"line":70,"column":44},"end":{"line":70,"column":76}},"57":{"start":{"line":70,"column":76},"end":{"line":70,"column":83}},"58":{"start":{"line":71,"column":32},"end":{"line":71,"column":53}},"59":{"start":{"line":72,"column":32},"end":{"line":72,"column":47}},"60":{"start":{"line":75,"column":28},"end":{"line":75,"column":43}},"61":{"start":{"line":80,"column":20},"end":{"line":83,"column":22}},"62":{"start":{"line":81,"column":24},"end":{"line":81,"column":57}},"63":{"start":{"line":81,"column":35},"end":{"line":81,"column":49}},"64":{"start":{"line":81,"column":49},"end":{"line":81,"column":56}},"65":{"start":{"line":82,"column":24},"end":{"line":82,"column":39}},"66":{"start":{"line":88,"column":8},"end":{"line":96,"column":15}},"67":{"start":{"line":91,"column":16},"end":{"line":94,"column":17}},"68":{"start":{"line":92,"column":20},"end":{"line":92,"column":34}},"69":{"start":{"line":93,"column":20},"end":{"line":93,"column":27}},"70":{"start":{"line":95,"column":16},"end":{"line":95,"column":42}},"71":{"start":{"line":99,"column":4},"end":{"line":102,"column":7}},"72":{"start":{"line":101,"column":8},"end":{"line":101,"column":27}},"73":{"start":{"line":104,"column":4},"end":{"line":178,"column":7}},"74":{"start":{"line":106,"column":8},"end":{"line":110,"column":10}},"75":{"start":{"line":111,"column":8},"end":{"line":111,"column":22}},"76":{"start":{"line":114,"column":8},"end":{"line":163,"column":11}},"77":{"start":{"line":116,"column":16},"end":{"line":116,"column":37}},"78":{"start":{"line":117,"column":16},"end":{"line":123,"column":19}},"79":{"start":{"line":119,"column":20},"end":{"line":119,"column":52}},"80":{"start":{"line":119,"column":30},"end":{"line":119,"column":44}},"81":{"start":{"line":119,"column":44},"end":{"line":119,"column":51}},"82":{"start":{"line":120,"column":20},"end":{"line":120,"column":40}},"83":{"start":{"line":121,"column":20},"end":{"line":121,"column":45}},"84":{"start":{"line":122,"column":20},"end":{"line":122,"column":38}},"85":{"start":{"line":126,"column":16},"end":{"line":126,"column":38}},"86":{"start":{"line":127,"column":16},"end":{"line":127,"column":35}},"87":{"start":{"line":130,"column":16},"end":{"line":158,"column":19}},"88":{"start":{"line":131,"column":20},"end":{"line":149,"column":22}},"89":{"start":{"line":132,"column":24},"end":{"line":132,"column":37}},"90":{"start":{"line":135,"column":24},"end":{"line":137,"column":27}},"91":{"start":{"line":136,"column":28},"end":{"line":136,"column":41}},"92":{"start":{"line":139,"column":24},"end":{"line":141,"column":27}},"93":{"start":{"line":140,"column":28},"end":{"line":140,"column":67}},"94":{"start":{"line":144,"column":24},"end":{"line":148,"column":27}},"95":{"start":{"line":145,"column":28},"end":{"line":145,"column":55}},"96":{"start":{"line":146,"column":28},"end":{"line":146,"column":50}},"97":{"start":{"line":147,"column":28},"end":{"line":147,"column":51}},"98":{"start":{"line":150,"column":20},"end":{"line":150,"column":74}},"99":{"start":{"line":151,"column":20},"end":{"line":151,"column":46}},"100":{"start":{"line":152,"column":20},"end":{"line":152,"column":48}},"101":{"start":{"line":153,"column":20},"end":{"line":153,"column":29}},"102":{"start":{"line":155,"column":20},"end":{"line":157,"column":29}},"103":{"start":{"line":156,"column":20},"end":{"line":156,"column":44}},"104":{"start":{"line":161,"column":12},"end":{"line":161,"column":37}},"105":{"start":{"line":162,"column":12},"end":{"line":162,"column":34}},"106":{"start":{"line":167,"column":8},"end":{"line":177,"column":10}},"107":{"start":{"line":168,"column":12},"end":{"line":168,"column":42}},"108":{"start":{"line":168,"column":20},"end":{"line":168,"column":34}},"109":{"start":{"line":168,"column":34},"end":{"line":168,"column":41}},"110":{"start":{"line":170,"column":12},"end":{"line":170,"column":71}},"111":{"start":{"line":170,"column":34},"end":{"line":170,"column":62}},"112":{"start":{"line":170,"column":63},"end":{"line":170,"column":70}},"113":{"start":{"line":171,"column":12},"end":{"line":171,"column":41}},"114":{"start":{"line":172,"column":12},"end":{"line":172,"column":80}},"115":{"start":{"line":173,"column":12},"end":{"line":176,"column":14}},"116":{"start":{"line":174,"column":16},"end":{"line":174,"column":46}},"117":{"start":{"line":174,"column":24},"end":{"line":174,"column":38}},"118":{"start":{"line":174,"column":38},"end":{"line":174,"column":45}},"119":{"start":{"line":175,"column":16},"end":{"line":175,"column":31}},"120":{"start":{"line":180,"column":4},"end":{"line":198,"column":7}},"121":{"start":{"line":182,"column":8},"end":{"line":197,"column":10}},"122":{"start":{"line":183,"column":12},"end":{"line":186,"column":13}},"123":{"start":{"line":184,"column":16},"end":{"line":184,"column":39}},"124":{"start":{"line":185,"column":16},"end":{"line":185,"column":23}},"125":{"start":{"line":187,"column":12},"end":{"line":189,"column":15}},"126":{"start":{"line":190,"column":12},"end":{"line":196,"column":14}},"127":{"start":{"line":191,"column":16},"end":{"line":194,"column":17}},"128":{"start":{"line":192,"column":20},"end":{"line":192,"column":43}},"129":{"start":{"line":193,"column":20},"end":{"line":193,"column":27}},"130":{"start":{"line":195,"column":16},"end":{"line":195,"column":42}},"131":{"start":{"line":200,"column":4},"end":{"line":225,"column":6}},"132":{"start":{"line":202,"column":8},"end":{"line":202,"column":61}},"133":{"start":{"line":202,"column":27},"end":{"line":202,"column":53}},"134":{"start":{"line":202,"column":53},"end":{"line":202,"column":60}},"135":{"start":{"line":203,"column":8},"end":{"line":203,"column":59}},"136":{"start":{"line":203,"column":26},"end":{"line":203,"column":51}},"137":{"start":{"line":203,"column":51},"end":{"line":203,"column":58}},"138":{"start":{"line":204,"column":8},"end":{"line":224,"column":10}},"139":{"start":{"line":211,"column":12},"end":{"line":211,"column":42}},"140":{"start":{"line":211,"column":20},"end":{"line":211,"column":34}},"141":{"start":{"line":211,"column":34},"end":{"line":211,"column":41}},"142":{"start":{"line":212,"column":12},"end":{"line":212,"column":56}},"143":{"start":{"line":212,"column":22},"end":{"line":212,"column":48}},"144":{"start":{"line":212,"column":48},"end":{"line":212,"column":55}},"145":{"start":{"line":213,"column":12},"end":{"line":213,"column":40}},"146":{"start":{"line":215,"column":12},"end":{"line":223,"column":14}},"147":{"start":{"line":216,"column":16},"end":{"line":216,"column":43}},"148":{"start":{"line":217,"column":16},"end":{"line":217,"column":83}},"149":{"start":{"line":218,"column":16},"end":{"line":218,"column":53}},"150":{"start":{"line":219,"column":16},"end":{"line":222,"column":18}},"151":{"start":{"line":220,"column":20},"end":{"line":220,"column":59}},"152":{"start":{"line":220,"column":28},"end":{"line":220,"column":51}},"153":{"start":{"line":220,"column":51},"end":{"line":220,"column":58}},"154":{"start":{"line":221,"column":20},"end":{"line":221,"column":35}},"155":{"start":{"line":227,"column":4},"end":{"line":227,"column":25}}},"branchMap":{"1":{"line":7,"type":"if","locations":[{"start":{"line":7,"column":8},"end":{"line":7,"column":8}},{"start":{"line":7,"column":8},"end":{"line":7,"column":8}}]},"2":{"line":17,"type":"if","locations":[{"start":{"line":17,"column":12},"end":{"line":17,"column":12}},{"start":{"line":17,"column":12},"end":{"line":17,"column":12}}]},"3":{"line":26,"type":"if","locations":[{"start":{"line":26,"column":12},"end":{"line":26,"column":12}},{"start":{"line":26,"column":12},"end":{"line":26,"column":12}}]},"4":{"line":27,"type":"if","locations":[{"start":{"line":27,"column":12},"end":{"line":27,"column":12}},{"start":{"line":27,"column":12},"end":{"line":27,"column":12}}]},"5":{"line":28,"type":"if","locations":[{"start":{"line":28,"column":12},"end":{"line":28,"column":12}},{"start":{"line":28,"column":12},"end":{"line":28,"column":12}}]},"6":{"line":32,"type":"if","locations":[{"start":{"line":32,"column":16},"end":{"line":32,"column":16}},{"start":{"line":32,"column":16},"end":{"line":32,"column":16}}]},"7":{"line":40,"type":"if","locations":[{"start":{"line":40,"column":20},"end":{"line":40,"column":20}},{"start":{"line":40,"column":20},"end":{"line":40,"column":20}}]},"8":{"line":51,"type":"if","locations":[{"start":{"line":51,"column":20},"end":{"line":51,"column":20}},{"start":{"line":51,"column":20},"end":{"line":51,"column":20}}]},"9":{"line":58,"type":"if","locations":[{"start":{"line":58,"column":16},"end":{"line":58,"column":16}},{"start":{"line":58,"column":16},"end":{"line":58,"column":16}}]},"10":{"line":59,"type":"if","locations":[{"start":{"line":59,"column":16},"end":{"line":59,"column":16}},{"start":{"line":59,"column":16},"end":{"line":59,"column":16}}]},"11":{"line":62,"type":"if","locations":[{"start":{"line":62,"column":16},"end":{"line":62,"column":16}},{"start":{"line":62,"column":16},"end":{"line":62,"column":16}}]},"12":{"line":68,"type":"if","locations":[{"start":{"line":68,"column":24},"end":{"line":68,"column":24}},{"start":{"line":68,"column":24},"end":{"line":68,"column":24}}]},"13":{"line":70,"type":"if","locations":[{"start":{"line":70,"column":32},"end":{"line":70,"column":32}},{"start":{"line":70,"column":32},"end":{"line":70,"column":32}}]},"14":{"line":81,"type":"if","locations":[{"start":{"line":81,"column":24},"end":{"line":81,"column":24}},{"start":{"line":81,"column":24},"end":{"line":81,"column":24}}]},"15":{"line":91,"type":"if","locations":[{"start":{"line":91,"column":16},"end":{"line":91,"column":16}},{"start":{"line":91,"column":16},"end":{"line":91,"column":16}}]},"16":{"line":119,"type":"if","locations":[{"start":{"line":119,"column":20},"end":{"line":119,"column":20}},{"start":{"line":119,"column":20},"end":{"line":119,"column":20}}]},"17":{"line":168,"type":"if","locations":[{"start":{"line":168,"column":12},"end":{"line":168,"column":12}},{"start":{"line":168,"column":12},"end":{"line":168,"column":12}}]},"18":{"line":170,"type":"if","locations":[{"start":{"line":170,"column":12},"end":{"line":170,"column":12}},{"start":{"line":170,"column":12},"end":{"line":170,"column":12}}]},"19":{"line":174,"type":"if","locations":[{"start":{"line":174,"column":16},"end":{"line":174,"column":16}},{"start":{"line":174,"column":16},"end":{"line":174,"column":16}}]},"20":{"line":183,"type":"if","locations":[{"start":{"line":183,"column":12},"end":{"line":183,"column":12}},{"start":{"line":183,"column":12},"end":{"line":183,"column":12}}]},"21":{"line":191,"type":"if","locations":[{"start":{"line":191,"column":16},"end":{"line":191,"column":16}},{"start":{"line":191,"column":16},"end":{"line":191,"column":16}}]},"22":{"line":202,"type":"if","locations":[{"start":{"line":202,"column":8},"end":{"line":202,"column":8}},{"start":{"line":202,"column":8},"end":{"line":202,"column":8}}]},"23":{"line":203,"type":"if","locations":[{"start":{"line":203,"column":8},"end":{"line":203,"column":8}},{"start":{"line":203,"column":8},"end":{"line":203,"column":8}}]},"24":{"line":211,"type":"if","locations":[{"start":{"line":211,"column":12},"end":{"line":211,"column":12}},{"start":{"line":211,"column":12},"end":{"line":211,"column":12}}]},"25":{"line":212,"type":"if","locations":[{"start":{"line":212,"column":12},"end":{"line":212,"column":12}},{"start":{"line":212,"column":12},"end":{"line":212,"column":12}}]},"26":{"line":220,"type":"if","locations":[{"start":{"line":220,"column":20},"end":{"line":220,"column":20}},{"start":{"line":220,"column":20},"end":{"line":220,"column":20}}]}}}}
