TN:
SF:/home/rdjong/public_html/PokeAPI/app.js
FN:70,(anonymous_1)
FN:77,(anonymous_2)
FN:88,(anonymous_3)
FN:99,(anonymous_4)
FN:109,(anonymous_5)
FNF:5
FNH:2
FNDA:0,(anonymous_1)
FNDA:1,(anonymous_2)
FNDA:1,(anonymous_3)
FNDA:0,(anonymous_4)
FNDA:0,(anonymous_5)
DA:2,1
DA:3,1
DA:4,1
DA:5,1
DA:6,1
DA:7,1
DA:8,1
DA:9,1
DA:10,1
DA:11,1
DA:12,1
DA:13,1
DA:14,1
DA:15,1
DA:16,1
DA:19,1
DA:20,1
DA:21,1
DA:23,1
DA:26,1
DA:27,1
DA:28,1
DA:31,1
DA:32,1
DA:35,1
DA:36,1
DA:40,1
DA:41,1
DA:42,1
DA:45,1
DA:46,1
DA:49,1
DA:54,1
DA:55,1
DA:56,1
DA:59,1
DA:60,1
DA:61,1
DA:62,1
DA:63,1
DA:66,1
DA:67,1
DA:70,1
DA:71,0
DA:77,1
DA:78,1
DA:79,1
DA:80,1
DA:81,1
DA:87,1
DA:88,1
DA:89,1
DA:90,1
DA:99,1
DA:100,0
DA:101,0
DA:109,1
DA:110,0
DA:113,1
LF:59
LH:55
BRDA:87,1,0,1
BRDA:87,1,1,0
BRDA:89,2,0,1
BRDA:89,2,1,0
BRDA:100,3,0,0
BRDA:100,3,1,0
BRF:6
BRH:2
end_of_record
TN:
SF:/home/rdjong/public_html/PokeAPI/config/database.js
FNF:0
FNH:0
DA:1,1
LF:1
LH:1
BRF:0
BRH:0
end_of_record
TN:
SF:/home/rdjong/public_html/PokeAPI/modules/authorize.js
FN:6,(anonymous_1)
FN:15,(anonymous_2)
FN:17,(anonymous_3)
FN:32,(anonymous_4)
FN:34,(anonymous_5)
FN:49,(anonymous_6)
FN:51,(anonymous_7)
FNF:7
FNH:6
FNDA:0,(anonymous_1)
FNDA:2,(anonymous_2)
FNDA:2,(anonymous_3)
FNDA:11,(anonymous_4)
FNDA:11,(anonymous_5)
FNDA:6,(anonymous_6)
FNDA:6,(anonymous_7)
DA:1,1
DA:2,1
DA:5,1
DA:7,0
DA:8,0
DA:11,0
DA:16,2
DA:17,2
DA:18,2
DA:19,2
DA:20,2
DA:22,0
DA:23,0
DA:28,0
DA:33,11
DA:34,11
DA:35,11
DA:36,11
DA:37,11
DA:39,0
DA:40,0
DA:45,0
DA:50,6
DA:51,6
DA:52,6
DA:53,6
DA:54,6
DA:56,0
DA:57,0
DA:59,0
DA:60,0
DA:66,0
DA:71,1
LF:33
LH:19
BRDA:7,1,0,0
BRDA:7,1,1,0
BRDA:16,2,0,2
BRDA:16,2,1,0
BRDA:18,3,0,0
BRDA:18,3,1,2
BRDA:19,4,0,2
BRDA:19,4,1,0
BRDA:33,5,0,11
BRDA:33,5,1,0
BRDA:35,6,0,0
BRDA:35,6,1,11
BRDA:36,7,0,11
BRDA:36,7,1,0
BRDA:50,8,0,6
BRDA:50,8,1,0
BRDA:52,9,0,0
BRDA:52,9,1,6
BRDA:53,10,0,6
BRDA:53,10,1,0
BRDA:56,11,0,0
BRDA:56,11,1,0
BRF:22
BRH:9
end_of_record
TN:
SF:/home/rdjong/public_html/PokeAPI/models/Role.js
FNF:0
FNH:0
DA:2,1
DA:5,1
DA:10,1
LF:3
LH:3
BRF:0
BRH:0
end_of_record
TN:
SF:/home/rdjong/public_html/PokeAPI/models/User.js
FN:42,(anonymous_1)
FN:47,(anonymous_2)
FNF:2
FNH:2
FNDA:1,(anonymous_1)
FNDA:1,(anonymous_2)
DA:3,1
DA:4,1
DA:5,1
DA:8,1
DA:42,1
DA:43,1
DA:47,1
DA:48,1
DA:52,1
LF:9
LH:9
BRF:0
BRH:0
end_of_record
TN:
SF:/home/rdjong/public_html/PokeAPI/models/Location.js
FNF:0
FNH:0
DA:2,1
DA:5,1
DA:14,1
LF:3
LH:3
BRF:0
BRH:0
end_of_record
TN:
SF:/home/rdjong/public_html/PokeAPI/config/passport.js
FN:12,(anonymous_1)
FN:15,(anonymous_2)
FN:20,(anonymous_3)
FN:21,(anonymous_4)
FN:31,(anonymous_5)
FN:32,(anonymous_6)
FN:33,(anonymous_7)
FN:41,(anonymous_8)
FN:45,(anonymous_9)
FN:59,(anonymous_10)
FN:60,(anonymous_11)
FN:75,(anonymous_12)
FN:76,(anonymous_13)
FN:77,(anonymous_14)
FN:89,(anonymous_15)
FN:93,(anonymous_16)
FN:108,(anonymous_17)
FN:109,(anonymous_18)
FN:110,(anonymous_19)
FN:121,(anonymous_20)
FN:125,(anonymous_21)
FNF:21
FNH:6
FNDA:1,(anonymous_1)
FNDA:1,(anonymous_2)
FNDA:26,(anonymous_3)
FNDA:26,(anonymous_4)
FNDA:0,(anonymous_5)
FNDA:0,(anonymous_6)
FNDA:0,(anonymous_7)
FNDA:0,(anonymous_8)
FNDA:0,(anonymous_9)
FNDA:1,(anonymous_10)
FNDA:1,(anonymous_11)
FNDA:0,(anonymous_12)
FNDA:0,(anonymous_13)
FNDA:0,(anonymous_14)
FNDA:0,(anonymous_15)
FNDA:0,(anonymous_16)
FNDA:0,(anonymous_17)
FNDA:0,(anonymous_18)
FNDA:0,(anonymous_19)
FNDA:0,(anonymous_20)
FNDA:0,(anonymous_21)
DA:4,1
DA:5,1
DA:6,1
DA:9,1
DA:12,1
DA:15,1
DA:16,1
DA:20,1
DA:21,26
DA:22,26
DA:26,1
DA:32,0
DA:33,0
DA:34,0
DA:35,0
DA:37,0
DA:38,0
DA:39,0
DA:41,0
DA:42,0
DA:43,0
DA:44,0
DA:45,0
DA:46,0
DA:47,0
DA:54,1
DA:60,1
DA:61,1
DA:62,1
DA:63,1
DA:64,1
DA:68,1
DA:76,0
DA:77,0
DA:78,0
DA:79,0
DA:80,0
DA:83,0
DA:84,0
DA:85,0
DA:86,0
DA:87,0
DA:89,0
DA:90,0
DA:91,0
DA:92,0
DA:93,0
DA:94,0
DA:95,0
DA:103,1
DA:109,0
DA:110,0
DA:111,0
DA:112,0
DA:113,0
DA:115,0
DA:116,0
DA:117,0
DA:118,0
DA:119,0
DA:121,0
DA:122,0
DA:123,0
DA:124,0
DA:125,0
DA:126,0
DA:127,0
LF:67
LH:19
BRDA:34,1,0,0
BRDA:34,1,1,0
BRDA:35,2,0,0
BRDA:35,2,1,0
BRDA:42,3,0,0
BRDA:42,3,1,0
BRDA:46,4,0,0
BRDA:46,4,1,0
BRDA:61,5,0,0
BRDA:61,5,1,1
BRDA:62,6,0,0
BRDA:62,6,1,1
BRDA:63,7,0,0
BRDA:63,7,1,1
BRDA:78,8,0,0
BRDA:78,8,1,0
BRDA:79,9,0,0
BRDA:79,9,1,0
BRDA:90,10,0,0
BRDA:90,10,1,0
BRDA:94,11,0,0
BRDA:94,11,1,0
BRDA:111,12,0,0
BRDA:111,12,1,0
BRDA:112,13,0,0
BRDA:112,13,1,0
BRDA:122,14,0,0
BRDA:122,14,1,0
BRDA:126,15,0,0
BRDA:126,15,1,0
BRF:30
BRH:3
end_of_record
TN:
SF:/home/rdjong/public_html/PokeAPI/config/auth.js
FNF:0
FNH:0
DA:1,1
LF:1
LH:1
BRF:0
BRH:0
end_of_record
TN:
SF:/home/rdjong/public_html/PokeAPI/routes/frontend.js
FN:1,(anonymous_1)
FN:3,(anonymous_2)
FN:9,(anonymous_3)
FN:13,(anonymous_4)
FN:15,(anonymous_5)
FN:24,(anonymous_6)
FN:26,(anonymous_7)
FN:34,(anonymous_8)
FN:45,(anonymous_9)
FN:47,(anonymous_10)
FNF:10
FNH:10
FNDA:1,(anonymous_1)
FNDA:1,(anonymous_2)
FNDA:1,(anonymous_3)
FNDA:1,(anonymous_4)
FNDA:1,(anonymous_5)
FNDA:1,(anonymous_6)
FNDA:1,(anonymous_7)
FNDA:1,(anonymous_8)
FNDA:1,(anonymous_9)
FNDA:1,(anonymous_10)
DA:1,1
DA:2,1
DA:4,1
DA:8,1
DA:10,1
DA:11,1
DA:13,1
DA:14,1
DA:16,1
DA:17,0
DA:18,0
DA:20,1
DA:21,1
DA:25,1
DA:27,1
DA:28,0
DA:29,0
DA:31,1
DA:32,1
DA:35,1
DA:44,1
DA:46,1
DA:48,1
DA:49,1
DA:58,1
LF:25
LH:21
BRDA:16,1,0,0
BRDA:16,1,1,1
BRDA:27,2,0,0
BRDA:27,2,1,1
BRDA:48,3,0,0
BRDA:48,3,1,1
BRF:6
BRH:3
end_of_record
TN:
SF:/home/rdjong/public_html/PokeAPI/routes/authentication.js
FN:1,(anonymous_1)
FN:3,(anonymous_2)
FN:47,(anonymous_3)
FNF:3
FNH:2
FNDA:1,(anonymous_1)
FNDA:1,(anonymous_2)
FNDA:0,(anonymous_3)
DA:1,1
DA:2,1
DA:4,1
DA:14,1
DA:21,1
DA:26,1
DA:34,1
DA:39,1
DA:46,1
DA:48,0
DA:49,0
DA:52,1
LF:12
LH:10
BRF:0
BRH:0
end_of_record
TN:
SF:/home/rdjong/public_html/PokeAPI/routes/role.js
FN:1,(anonymous_1)
FN:3,(anonymous_2)
FN:4,(anonymous_3)
FN:12,(anonymous_4)
FN:19,(anonymous_5)
FN:29,(anonymous_6)
FN:30,(anonymous_7)
FN:40,(anonymous_8)
FN:49,(anonymous_9)
FN:50,(anonymous_10)
FNF:10
FNH:10
FNDA:1,(anonymous_1)
FNDA:1,(anonymous_2)
FNDA:1,(anonymous_3)
FNDA:1,(anonymous_4)
FNDA:1,(anonymous_5)
FNDA:1,(anonymous_6)
FNDA:1,(anonymous_7)
FNDA:1,(anonymous_8)
FNDA:1,(anonymous_9)
FNDA:1,(anonymous_10)
DA:1,1
DA:2,1
DA:4,1
DA:5,1
DA:6,0
DA:7,0
DA:9,1
DA:13,1
DA:14,1
DA:15,0
DA:16,0
DA:18,1
DA:19,1
DA:20,1
DA:21,0
DA:22,0
DA:24,1
DA:28,1
DA:30,1
DA:31,1
DA:32,0
DA:33,0
DA:35,1
DA:36,0
DA:37,0
DA:39,1
DA:40,1
DA:41,1
DA:42,0
DA:43,0
DA:45,1
DA:50,1
DA:51,1
DA:52,0
DA:54,1
DA:58,1
LF:36
LH:23
BRDA:5,1,0,0
BRDA:5,1,1,1
BRDA:14,2,0,0
BRDA:14,2,1,1
BRDA:20,3,0,0
BRDA:20,3,1,1
BRDA:31,4,0,0
BRDA:31,4,1,1
BRDA:35,5,0,0
BRDA:35,5,1,1
BRDA:41,6,0,0
BRDA:41,6,1,1
BRDA:51,7,0,0
BRDA:51,7,1,1
BRF:14
BRH:7
end_of_record
TN:
SF:/home/rdjong/public_html/PokeAPI/routes/location.js
FN:1,(anonymous_1)
FN:3,(anonymous_2)
FN:4,(anonymous_3)
FN:9,(anonymous_4)
FN:21,(anonymous_5)
FN:28,(anonymous_6)
FN:29,(anonymous_7)
FN:35,(anonymous_8)
FN:36,(anonymous_9)
FN:43,(anonymous_10)
FN:50,(anonymous_11)
FN:51,(anonymous_12)
FNF:12
FNH:12
FNDA:1,(anonymous_1)
FNDA:1,(anonymous_2)
FNDA:1,(anonymous_3)
FNDA:1,(anonymous_4)
FNDA:1,(anonymous_5)
FNDA:1,(anonymous_6)
FNDA:1,(anonymous_7)
FNDA:1,(anonymous_8)
FNDA:1,(anonymous_9)
FNDA:1,(anonymous_10)
FNDA:1,(anonymous_11)
FNDA:1,(anonymous_12)
DA:1,1
DA:2,1
DA:4,1
DA:5,1
DA:6,1
DA:10,1
DA:11,1
DA:12,1
DA:13,1
DA:14,1
DA:15,1
DA:16,1
DA:17,1
DA:18,1
DA:19,1
DA:20,1
DA:21,1
DA:22,1
DA:23,1
DA:27,1
DA:29,1
DA:30,1
DA:31,1
DA:36,1
DA:37,1
DA:38,1
DA:39,1
DA:40,1
DA:41,1
DA:42,1
DA:43,1
DA:44,1
DA:45,1
DA:51,1
DA:52,1
DA:53,1
DA:57,1
LF:37
LH:37
BRDA:5,1,0,0
BRDA:5,1,1,1
BRDA:11,2,0,0
BRDA:11,2,1,1
BRDA:12,3,0,0
BRDA:12,3,1,1
BRDA:13,4,0,0
BRDA:13,4,1,1
BRDA:14,5,0,0
BRDA:14,5,1,1
BRDA:15,6,0,0
BRDA:15,6,1,1
BRDA:22,7,0,0
BRDA:22,7,1,1
BRDA:30,8,0,0
BRDA:30,8,1,1
BRDA:37,9,0,0
BRDA:37,9,1,1
BRDA:38,10,0,1
BRDA:38,10,1,0
BRDA:39,11,0,1
BRDA:39,11,1,0
BRDA:40,12,0,1
BRDA:40,12,1,0
BRDA:41,13,0,1
BRDA:41,13,1,0
BRDA:42,14,0,1
BRDA:42,14,1,0
BRDA:44,15,0,0
BRDA:44,15,1,1
BRDA:52,16,0,0
BRDA:52,16,1,1
BRF:32
BRH:16
end_of_record
TN:
SF:/home/rdjong/public_html/PokeAPI/routes/user.js
FN:3,(anonymous_1)
FN:5,(anonymous_2)
FN:16,(anonymous_3)
FN:24,(anonymous_4)
FN:31,(anonymous_5)
FN:39,(anonymous_6)
FN:47,(anonymous_7)
FN:50,(anonymous_8)
FN:55,(anonymous_9)
FN:57,(anonymous_10)
FN:67,(anonymous_11)
FN:69,(anonymous_12)
FN:79,(anonymous_13)
FN:80,(anonymous_14)
FN:87,(anonymous_15)
FN:90,(anonymous_16)
FN:100,(anonymous_17)
FN:105,(anonymous_18)
FN:115,(anonymous_19)
FN:118,(anonymous_20)
FN:125,(anonymous_21)
FN:130,(anonymous_22)
FN:131,(anonymous_23)
FN:135,(anonymous_24)
FN:139,(anonymous_25)
FN:144,(anonymous_26)
FN:154,(anonymous_27)
FN:155,(anonymous_28)
FN:160,(anonymous_29)
FN:166,(anonymous_30)
FN:167,(anonymous_31)
FN:173,(anonymous_32)
FN:181,(anonymous_33)
FN:182,(anonymous_34)
FN:190,(anonymous_35)
FN:201,(anonymous_36)
FN:210,(anonymous_37)
FN:215,(anonymous_38)
FN:219,(anonymous_39)
FNF:39
FNH:32
FNDA:1,(anonymous_1)
FNDA:1,(anonymous_2)
FNDA:1,(anonymous_3)
FNDA:1,(anonymous_4)
FNDA:1,(anonymous_5)
FNDA:1,(anonymous_6)
FNDA:1,(anonymous_7)
FNDA:1,(anonymous_8)
FNDA:1,(anonymous_9)
FNDA:1,(anonymous_10)
FNDA:1,(anonymous_11)
FNDA:0,(anonymous_12)
FNDA:1,(anonymous_13)
FNDA:1,(anonymous_14)
FNDA:1,(anonymous_15)
FNDA:1,(anonymous_16)
FNDA:0,(anonymous_17)
FNDA:1,(anonymous_18)
FNDA:1,(anonymous_19)
FNDA:1,(anonymous_20)
FNDA:1,(anonymous_21)
FNDA:1,(anonymous_22)
FNDA:1,(anonymous_23)
FNDA:68,(anonymous_24)
FNDA:0,(anonymous_25)
FNDA:1,(anonymous_26)
FNDA:1,(anonymous_27)
FNDA:1,(anonymous_28)
FNDA:1,(anonymous_29)
FNDA:1,(anonymous_30)
FNDA:1,(anonymous_31)
FNDA:1,(anonymous_32)
FNDA:1,(anonymous_33)
FNDA:1,(anonymous_34)
FNDA:1,(anonymous_35)
FNDA:0,(anonymous_36)
FNDA:0,(anonymous_37)
FNDA:0,(anonymous_38)
FNDA:0,(anonymous_39)
DA:1,1
DA:3,1
DA:4,1
DA:6,1
DA:7,1
DA:8,0
DA:10,1
DA:11,1
DA:13,1
DA:17,1
DA:18,0
DA:19,0
DA:21,1
DA:25,1
DA:26,1
DA:27,1
DA:28,1
DA:29,1
DA:32,1
DA:34,1
DA:35,1
DA:36,1
DA:37,1
DA:39,1
DA:40,1
DA:41,1
DA:46,1
DA:48,1
DA:51,1
DA:52,1
DA:56,1
DA:57,1
DA:58,1
DA:59,1
DA:60,1
DA:62,1
DA:63,0
DA:66,1
DA:68,1
DA:69,0
DA:70,0
DA:71,0
DA:72,0
DA:75,1
DA:80,1
DA:81,1
DA:82,1
DA:88,1
DA:91,1
DA:92,0
DA:93,0
DA:95,1
DA:99,1
DA:101,0
DA:104,1
DA:106,1
DA:111,1
DA:114,1
DA:117,1
DA:119,1
DA:120,1
DA:122,1
DA:127,1
DA:130,1
DA:131,1
DA:132,1
DA:135,1
DA:136,68
DA:139,1
DA:140,0
DA:144,1
DA:145,1
DA:146,1
DA:150,1
DA:152,1
DA:153,1
DA:155,1
DA:156,1
DA:162,1
DA:167,1
DA:168,1
DA:170,1
DA:171,1
DA:172,1
DA:173,1
DA:174,1
DA:175,1
DA:180,1
DA:182,1
DA:183,1
DA:184,0
DA:185,0
DA:187,1
DA:190,1
DA:191,1
DA:192,0
DA:193,0
DA:195,1
DA:200,1
DA:202,0
DA:203,0
DA:204,0
DA:211,0
DA:212,0
DA:213,0
DA:215,0
DA:216,0
DA:217,0
DA:218,0
DA:219,0
DA:220,0
DA:221,0
DA:227,1
LF:113
LH:84
BRDA:7,1,0,0
BRDA:7,1,1,1
BRDA:17,2,0,0
BRDA:17,2,1,1
BRDA:26,3,0,0
BRDA:26,3,1,1
BRDA:27,4,0,0
BRDA:27,4,1,1
BRDA:28,5,0,0
BRDA:28,5,1,1
BRDA:32,6,0,0
BRDA:32,6,1,1
BRDA:40,7,0,0
BRDA:40,7,1,1
BRDA:51,8,0,0
BRDA:51,8,1,1
BRDA:58,9,0,0
BRDA:58,9,1,1
BRDA:59,10,0,1
BRDA:59,10,1,0
BRDA:62,11,0,0
BRDA:62,11,1,1
BRDA:68,12,0,0
BRDA:68,12,1,1
BRDA:70,13,0,0
BRDA:70,13,1,0
BRDA:81,14,0,0
BRDA:81,14,1,1
BRDA:91,15,0,0
BRDA:91,15,1,1
BRDA:119,16,0,0
BRDA:119,16,1,1
BRDA:168,17,0,0
BRDA:168,17,1,1
BRDA:170,18,0,0
BRDA:170,18,1,1
BRDA:174,19,0,0
BRDA:174,19,1,1
BRDA:183,20,0,0
BRDA:183,20,1,1
BRDA:191,21,0,0
BRDA:191,21,1,1
BRDA:202,22,0,0
BRDA:202,22,1,0
BRDA:203,23,0,0
BRDA:203,23,1,0
BRDA:211,24,0,0
BRDA:211,24,1,0
BRDA:212,25,0,0
BRDA:212,25,1,0
BRDA:220,26,0,0
BRDA:220,26,1,0
BRF:52
BRH:20
end_of_record
